parmake_sub_01: started pmake_worker()
parmake_sub_01: Listening for job
parmake_sub_01: got job: (<function parmake_job2 at 0x7f71ea235b00>, ('autogenerated.book.yaml-70_pytorch-eedb8c4a-47a377b1-source_info', <compmake.context.Context object at 0x7f71e364f210>, '140127124524432', False))
parmake_sub_01: result: {'user_object': None, 'user_object_deps': set(), 'new_jobs': [], 'deleted_jobs': set()}
parmake_sub_01: putting result in result_queue..
parmake_sub_01: (done)
parmake_sub_01: ...done.
parmake_sub_01: Listening for job
parmake_sub_01: got job: (<function parmake_job2 at 0x7f71ea235b00>, ('autogenerated.book.yaml-00_caffe_part-6044fc50-a1a4d554-source_info', <compmake.context.Context object at 0x7f71e327d850>, '140127124524432', False))
parmake_sub_01: result: {'user_object': None, 'user_object_deps': set(), 'new_jobs': [], 'deleted_jobs': set()}
parmake_sub_01: putting result in result_queue..
parmake_sub_01: (done)
parmake_sub_01: ...done.
parmake_sub_01: Listening for job
parmake_sub_01: got job: (<function parmake_job2 at 0x7f71ea235b00>, ('autogenerated.book.yaml-10_op-manual_demoname_template-753e17f9-2a34a1a9', <compmake.context.Context object at 0x7f71e364e2d0>, '140127124524432', False))
parmake_sub_01: result: {'user_object': None, 'user_object_deps': set(), 'new_jobs': [], 'deleted_jobs': set()}
parmake_sub_01: putting result in result_queue..
parmake_sub_01: (done)
parmake_sub_01: ...done.
parmake_sub_01: Listening for job
parmake_sub_01: Could not receive anything.
parmake_sub_01: Listening for job
parmake_sub_01: Could not receive anything.
parmake_sub_01: Listening for job
parmake_sub_01: got job: (<function parmake_job2 at 0x7f71ea235b00>, ('autogenerated.book.yaml-join-0-', <compmake.context.Context object at 0x7f71e322a9d0>, '140127124524432', False))
parmake_sub_01: result: {'user_object': None, 'user_object_deps': set(), 'new_jobs': [], 'deleted_jobs': set()}
parmake_sub_01: putting result in result_queue..
parmake_sub_01: (done)
parmake_sub_01: ...done.
parmake_sub_01: Listening for job
parmake_sub_01: got job: (<function parmake_job2 at 0x7f71ea235b00>, ('autogenerated.book.yaml-html_ready-mark_errors_and_rest', <compmake.context.Context object at 0x7f71e1dcbbd0>, '140127124524432', False))
parmake_sub_01: result: {'user_object': None, 'user_object_deps': set(), 'new_jobs': [], 'deleted_jobs': set()}
parmake_sub_01: putting result in result_queue..
parmake_sub_01: (done)
parmake_sub_01: ...done.
parmake_sub_01: Listening for job
parmake_sub_01: got job: (<function parmake_job2 at 0x7f71ea235b00>, ('autogenerated.book.yaml-html_ready-add_style', <compmake.context.Context object at 0x7f71e1dcb650>, '140127124524432', False))
parmake_sub_01: result: {'user_object': None, 'user_object_deps': set(), 'new_jobs': [], 'deleted_jobs': set()}
parmake_sub_01: putting result in result_queue..
parmake_sub_01: (done)
parmake_sub_01: ...done.
parmake_sub_01: Listening for job
parmake_sub_01: got job: (<function parmake_job2 at 0x7f71ea235b00>, ('autogenerated.book.yaml-html_ready-get_extra_content', <compmake.context.Context object at 0x7f71e1d08990>, '140127124524432', False))
parmake_sub_01: result: {'user_object': None, 'user_object_deps': set(), 'new_jobs': [], 'deleted_jobs': set()}
parmake_sub_01: putting result in result_queue..
parmake_sub_01: (done)
parmake_sub_01: ...done.
parmake_sub_01: Listening for job
parmake_sub_01: got job: (<function parmake_job2 at 0x7f71ea235b00>, ('autogenerated.book.yaml-html_ready-create_split_jobs', <compmake.context.Context object at 0x7f71e2b8df90>, '140127124524432', False))
parmake_sub_01: result: {'user_object': None, 'user_object_deps': {'autogenerated.book.yaml-html_ready-24bb-_dynreports_merge', 'autogenerated.book.yaml-html_ready-24bb-notification'}, 'new_jobs': {'autogenerated.book.yaml-html_ready-24bb-go_worker', 'autogenerated.book.yaml-html_ready-24bb-_dynreports_getbra', 'autogenerated.book.yaml-html_ready-24bb-_dynreports_getbra-6', 'autogenerated.book.yaml-html_ready-24bb-_dynreports_getres-3', 'autogenerated.book.yaml-html_ready-24bb-_dynreports_getres-6', 'autogenerated.book.yaml-html_ready-24bb-_dynreports_getbra-4', 'autogenerated.book.yaml-html_ready-24bb-_dynreports_getbra-3', 'autogenerated.book.yaml-html_ready-24bb-_dynreports_merge', 'autogenerated.book.yaml-html_ready-24bb-_dynreports_getres-4', 'autogenerated.book.yaml-html_ready-24bb-_dynreports_getbra-5', 'autogenerated.book.yaml-html_ready-24bb-go_worker-6', 'autogenerated.book.yaml-html_ready-24bb-context', 'autogenerated.book.yaml-html_ready-24bb-_dynreports_getbra-2', 'autogenerated.book.yaml-html_ready-24bb-_dynreports_getres-2', 'autogenerated.book.yaml-html_ready-24bb-_dynreports_getres-5', 'autogenerated.book.yaml-html_ready-24bb-_dynreports_getres', 'autogenerated.book.yaml-html_ready-24bb-go_worker-2', 'autogenerated.book.yaml-html_ready-24bb-download_reveal', 'autogenerated.book.yaml-html_ready-24bb-go_worker-3', 'autogenerated.book.yaml-html_ready-24bb-go_worker-5', 'autogenerated.book.yaml-html_ready-24bb-notification', 'autogenerated.book.yaml-html_ready-24bb-go_worker-4'}, 'deleted_jobs': set()}
parmake_sub_01: putting result in result_queue..
parmake_sub_01: (done)
parmake_sub_01: ...done.
parmake_sub_01: Listening for job
parmake_sub_01: got job: (<function parmake_job2 at 0x7f71ea235b00>, ('autogenerated.book.yaml-html_ready-24bb-context', <compmake.context.Context object at 0x7f71e28aa290>, '140127124524432', False))
parmake_sub_01: result: {'user_object': None, 'user_object_deps': set(), 'new_jobs': [], 'deleted_jobs': set()}
parmake_sub_01: putting result in result_queue..
parmake_sub_01: (done)
parmake_sub_01: ...done.
parmake_sub_01: Listening for job
parmake_sub_01: got job: (<function parmake_job2 at 0x7f71ea235b00>, ('autogenerated.book.yaml-html_ready-24bb-go_worker-4', <compmake.context.Context object at 0x7f71e2e37250>, '140127124524432', False))
parmake_sub_01: result: {'user_object': None, 'user_object_deps': {'autogenerated.book.yaml-html_ready-24bb-wait_assets-2'}, 'new_jobs': {'autogenerated.book.yaml-html_ready-24bb-remove_spurious-2', 'autogenerated.book.yaml-html_ready-24bb-write_crossref_info-2', 'autogenerated.book.yaml-html_ready-24bb-wait_assets-2', 'autogenerated.book.yaml-html_ready-24bb-demos_op_manual_eth_amod_19.html-09a8de9b-assets', 'autogenerated.book.yaml-html_ready-24bb-pytorch_install.html-7216bb19-assets'}, 'deleted_jobs': set()}
parmake_sub_01: putting result in result_queue..
parmake_sub_01: (done)
parmake_sub_01: ...done.
parmake_sub_01: Listening for job
parmake_sub_01: got job: (<function parmake_job2 at 0x7f71ea235b00>, ('autogenerated.book.yaml-html_draft-a365-remove_spurious-4', <compmake.context.Context object at 0x7f71e14408d0>, '140127124524432', False))
parmake_sub_01: result: {'user_object': None, 'user_object_deps': set(), 'new_jobs': [], 'deleted_jobs': set()}
parmake_sub_01: putting result in result_queue..
parmake_sub_01: (done)
parmake_sub_01: ...done.
parmake_sub_01: Listening for job
parmake_sub_01: got job: (<function parmake_job2 at 0x7f71ea235b00>, ('autogenerated.book.yaml-html_draft-a365-remove_spurious-2', <compmake.context.Context object at 0x7f71e3238c90>, '140127124524432', False))
parmake_sub_01: result: {'user_object': None, 'user_object_deps': set(), 'new_jobs': [], 'deleted_jobs': set()}
parmake_sub_01: putting result in result_queue..
parmake_sub_01: (done)
parmake_sub_01: ...done.
parmake_sub_01: Listening for job
parmake_sub_01: got job: (<function parmake_job2 at 0x7f71ea235b00>, ('autogenerated.book.yaml-html_ready-24bb-write_crossref_info-2', <compmake.context.Context object at 0x7f71e1442390>, '140127124524432', False))
parmake_sub_01: result: {'user_object': None, 'user_object_deps': set(), 'new_jobs': [], 'deleted_jobs': set()}
parmake_sub_01: putting result in result_queue..
parmake_sub_01: (done)
parmake_sub_01: ...done.
parmake_sub_01: Listening for job
parmake_sub_01: got job: (<function parmake_job2 at 0x7f71ea235b00>, ('autogenerated.book.yaml-html_draft-a365-remove_spurious', <compmake.context.Context object at 0x7f71e1d08e90>, '140127124524432', False))
parmake_sub_01: result: {'user_object': None, 'user_object_deps': set(), 'new_jobs': [], 'deleted_jobs': set()}
parmake_sub_01: putting result in result_queue..
parmake_sub_01: (done)
parmake_sub_01: ...done.
parmake_sub_01: Listening for job
parmake_sub_01: got job: (<function parmake_job2 at 0x7f71ea235b00>, ('autogenerated.book.yaml-pdf_tablet-render_pdf', <compmake.context.Context object at 0x7f71e1d08750>, '140127124524432', False))
parmake_sub_01: result: {'user_object': None, 'user_object_deps': set(), 'new_jobs': [], 'deleted_jobs': set()}
parmake_sub_01: putting result in result_queue..
parmake_sub_01: (done)
parmake_sub_01: ...done.
parmake_sub_01: Listening for job
parmake_sub_01: got job: (<function parmake_job2 at 0x7f71ea235b00>, ('autogenerated.book.yaml-pdf_tablet-write_bytes_to_file', <compmake.context.Context object at 0x7f71e1d08590>, '140127124524432', False))
parmake_sub_01: result: {'user_object': None, 'user_object_deps': set(), 'new_jobs': [], 'deleted_jobs': set()}
parmake_sub_01: putting result in result_queue..
parmake_sub_01: (done)
parmake_sub_01: ...done.
parmake_sub_01: Listening for job
parmake_sub_01: Received EXIT_TOKEN.
parmake_sub_01: saving coverage
parmake_sub_01: saved coverage
parmake_sub_01: clean exit.
