parmake_sub_00: started pmake_worker()
parmake_sub_00: Listening for job
parmake_sub_00: got job: (<function parmake_job2 at 0x7fab40ee4b00>, ('autogenerated.book.yaml-02_instructions-cross-pro-duck-5bf0a07d-1c0e8196', <compmake.context.Context object at 0x7fab3a2f3a10>, '140373393639760', False))
parmake_sub_00: result: {'user_object': None, 'user_object_deps': set(), 'new_jobs': [], 'deleted_jobs': set()}
parmake_sub_00: putting result in result_queue..
parmake_sub_00: (done)
parmake_sub_00: ...done.
parmake_sub_00: Listening for job
parmake_sub_00: got job: (<function parmake_job2 at 0x7fab40ee4b00>, ('autogenerated.book.yaml-html_ready-write_manifest_html', <compmake.context.Context object at 0x7fab39ed2890>, '140373393639760', False))
parmake_sub_00: result: {'user_object': None, 'user_object_deps': set(), 'new_jobs': [], 'deleted_jobs': set()}
parmake_sub_00: putting result in result_queue..
parmake_sub_00: (done)
parmake_sub_00: ...done.
parmake_sub_00: Listening for job
parmake_sub_00: Could not receive anything.
parmake_sub_00: Listening for job
parmake_sub_00: got job: (<function parmake_job2 at 0x7fab40ee4b00>, ('autogenerated.book.yaml-join-0-', <compmake.context.Context object at 0x7fab39ba21d0>, '140373393639760', False))
parmake_sub_00: result: {'user_object': None, 'user_object_deps': set(), 'new_jobs': [], 'deleted_jobs': set()}
parmake_sub_00: putting result in result_queue..
parmake_sub_00: (done)
parmake_sub_00: ...done.
parmake_sub_00: Listening for job
parmake_sub_00: got job: (<function parmake_job2 at 0x7fab40ee4b00>, ('autogenerated.book.yaml-html_ready-mark_errors_and_rest', <compmake.context.Context object at 0x7fab386b23d0>, '140373393639760', False))
parmake_sub_00: result: {'user_object': None, 'user_object_deps': set(), 'new_jobs': [], 'deleted_jobs': set()}
parmake_sub_00: putting result in result_queue..
parmake_sub_00: (done)
parmake_sub_00: ...done.
parmake_sub_00: Listening for job
parmake_sub_00: got job: (<function parmake_job2 at 0x7fab40ee4b00>, ('autogenerated.book.yaml-html_ready-add_style', <compmake.context.Context object at 0x7fab31111290>, '140373393639760', False))
parmake_sub_00: result: {'user_object': None, 'user_object_deps': set(), 'new_jobs': [], 'deleted_jobs': set()}
parmake_sub_00: putting result in result_queue..
parmake_sub_00: (done)
parmake_sub_00: ...done.
parmake_sub_00: Listening for job
parmake_sub_00: got job: (<function parmake_job2 at 0x7fab40ee4b00>, ('autogenerated.book.yaml-html_ready-get_extra_content', <compmake.context.Context object at 0x7fab386a12d0>, '140373393639760', False))
parmake_sub_00: result: {'user_object': None, 'user_object_deps': set(), 'new_jobs': [], 'deleted_jobs': set()}
parmake_sub_00: putting result in result_queue..
parmake_sub_00: (done)
parmake_sub_00: ...done.
parmake_sub_00: Listening for job
parmake_sub_00: got job: (<function parmake_job2 at 0x7fab40ee4b00>, ('autogenerated.book.yaml-html_ready-create_split_jobs', <compmake.context.Context object at 0x7fab3835a150>, '140373393639760', False))
parmake_sub_00: result: {'user_object': None, 'user_object_deps': {'autogenerated.book.yaml-html_ready-872d-notification', 'autogenerated.book.yaml-html_ready-872d-_dynreports_merge'}, 'new_jobs': {'autogenerated.book.yaml-html_ready-872d-_dynreports_getbra-5', 'autogenerated.book.yaml-html_ready-872d-_dynreports_getbra-4', 'autogenerated.book.yaml-html_ready-872d-download_reveal', 'autogenerated.book.yaml-html_ready-872d-_dynreports_getres-3', 'autogenerated.book.yaml-html_ready-872d-go_worker-2', 'autogenerated.book.yaml-html_ready-872d-_dynreports_getbra-3', 'autogenerated.book.yaml-html_ready-872d-context', 'autogenerated.book.yaml-html_ready-872d-_dynreports_getres-6', 'autogenerated.book.yaml-html_ready-872d-_dynreports_getres', 'autogenerated.book.yaml-html_ready-872d-go_worker', 'autogenerated.book.yaml-html_ready-872d-_dynreports_getbra', 'autogenerated.book.yaml-html_ready-872d-_dynreports_getres-2', 'autogenerated.book.yaml-html_ready-872d-_dynreports_getres-5', 'autogenerated.book.yaml-html_ready-872d-_dynreports_getres-4', 'autogenerated.book.yaml-html_ready-872d-go_worker-4', 'autogenerated.book.yaml-html_ready-872d-go_worker-6', 'autogenerated.book.yaml-html_ready-872d-_dynreports_merge', 'autogenerated.book.yaml-html_ready-872d-_dynreports_getbra-2', 'autogenerated.book.yaml-html_ready-872d-go_worker-5', 'autogenerated.book.yaml-html_ready-872d-notification', 'autogenerated.book.yaml-html_ready-872d-go_worker-3', 'autogenerated.book.yaml-html_ready-872d-_dynreports_getbra-6'}, 'deleted_jobs': set()}
parmake_sub_00: putting result in result_queue..
parmake_sub_00: (done)
parmake_sub_00: ...done.
parmake_sub_00: Listening for job
parmake_sub_00: got job: (<function parmake_job2 at 0x7fab40ee4b00>, ('autogenerated.book.yaml-html_ready-872d-context', <compmake.context.Context object at 0x7fab3a330fd0>, '140373393639760', False))
parmake_sub_00: result: {'user_object': None, 'user_object_deps': set(), 'new_jobs': [], 'deleted_jobs': set()}
parmake_sub_00: putting result in result_queue..
parmake_sub_00: (done)
parmake_sub_00: ...done.
parmake_sub_00: Listening for job
parmake_sub_00: got job: (<function parmake_job2 at 0x7fab40ee4b00>, ('autogenerated.book.yaml-html_ready-872d-go_worker-3', <compmake.context.Context object at 0x7fab3a2f3a10>, '140373393639760', False))
parmake_sub_00: result: {'user_object': None, 'user_object_deps': {'autogenerated.book.yaml-html_ready-872d-wait_assets-3'}, 'new_jobs': {'autogenerated.book.yaml-html_ready-872d-remove_spurious-3', 'autogenerated.book.yaml-html_ready-872d-instructions_groupname.html-6ea5a410-assets', 'autogenerated.book.yaml-html_ready-872d-wait_assets-3', 'autogenerated.book.yaml-html_ready-872d-write_crossref_info-3', 'autogenerated.book.yaml-html_ready-872d-extra.html-975ab436-assets', 'autogenerated.book.yaml-html_ready-872d-ncsdk_install.html-b59f97e4-assets'}, 'deleted_jobs': set()}
parmake_sub_00: putting result in result_queue..
parmake_sub_00: (done)
parmake_sub_00: ...done.
parmake_sub_00: Listening for job
parmake_sub_00: got job: (<function parmake_job2 at 0x7fab40ee4b00>, ('autogenerated.book.yaml-html_ready-872d-go_worker-5', <compmake.context.Context object at 0x7fab38819e90>, '140373393639760', False))
parmake_sub_00: result: {'user_object': None, 'user_object_deps': {'autogenerated.book.yaml-html_ready-872d-wait_assets-6'}, 'new_jobs': {'autogenerated.book.yaml-html_ready-872d-wait_assets-6', 'autogenerated.book.yaml-html_ready-872d-final_reports_eth_amod_19.html-49bf8940-assets', 'autogenerated.book.yaml-html_ready-872d-write_crossref_info-6', 'autogenerated.book.yaml-html_ready-872d-remove_spurious-6', 'autogenerated.book.yaml-html_ready-872d-instructions_cross_pro_duck.html-bc9f3619-assets'}, 'deleted_jobs': set()}
parmake_sub_00: putting result in result_queue..
parmake_sub_00: (done)
parmake_sub_00: ...done.
parmake_sub_00: Listening for job
parmake_sub_00: got job: (<function parmake_job2 at 0x7fab40ee4b00>, ('autogenerated.book.yaml-html_ready-872d-write_crossref_info-6', <compmake.context.Context object at 0x7fab3969e610>, '140373393639760', False))
parmake_sub_00: result: {'user_object': None, 'user_object_deps': set(), 'new_jobs': [], 'deleted_jobs': set()}
parmake_sub_00: putting result in result_queue..
parmake_sub_00: (done)
parmake_sub_00: ...done.
parmake_sub_00: Listening for job
parmake_sub_00: got job: (<function parmake_job2 at 0x7fab40ee4b00>, ('autogenerated.book.yaml-html_ready-872d-caffe_tensorflow_install.html-13896cdb-assets', <compmake.context.Context object at 0x7fab386a12d0>, '140373393639760', False))
parmake_sub_00: result: {'user_object': None, 'user_object_deps': set(), 'new_jobs': [], 'deleted_jobs': set()}
parmake_sub_00: putting result in result_queue..
parmake_sub_00: (done)
parmake_sub_00: ...done.
parmake_sub_00: Listening for job
parmake_sub_00: got job: (<function parmake_job2 at 0x7fab40ee4b00>, ('autogenerated.book.yaml-html_ready-872d-wait_assets-5', <compmake.context.Context object at 0x7fab3969e790>, '140373393639760', False))
parmake_sub_00: result: {'user_object': None, 'user_object_deps': set(), 'new_jobs': [], 'deleted_jobs': set()}
parmake_sub_00: putting result in result_queue..
parmake_sub_00: (done)
parmake_sub_00: ...done.
parmake_sub_00: Listening for job
parmake_sub_00: got job: (<function parmake_job2 at 0x7fab40ee4b00>, ('autogenerated.book.yaml-html_ready-872d-_dynreports_getbra-2', <compmake.context.Context object at 0x7fab386007d0>, '140373393639760', False))
parmake_sub_00: result: {'user_object': None, 'user_object_deps': set(), 'new_jobs': [], 'deleted_jobs': set()}
parmake_sub_00: putting result in result_queue..
parmake_sub_00: (done)
parmake_sub_00: ...done.
parmake_sub_00: Listening for job
parmake_sub_00: got job: (<function parmake_job2 at 0x7fab40ee4b00>, ('autogenerated.book.yaml-html_ready-872d-_dynreports_getres-3', <compmake.context.Context object at 0x7fab38246a90>, '140373393639760', False))
parmake_sub_00: result: {'user_object': None, 'user_object_deps': set(), 'new_jobs': [], 'deleted_jobs': set()}
parmake_sub_00: putting result in result_queue..
parmake_sub_00: (done)
parmake_sub_00: ...done.
parmake_sub_00: Listening for job
parmake_sub_00: got job: (<function parmake_job2 at 0x7fab40ee4b00>, ('autogenerated.book.yaml-html_draft-91a3-instructions_groupname.html-b6a15645-assets', <compmake.context.Context object at 0x7fab3969e790>, '140373393639760', False))
parmake_sub_00: result: {'user_object': None, 'user_object_deps': set(), 'new_jobs': [], 'deleted_jobs': set()}
parmake_sub_00: putting result in result_queue..
parmake_sub_00: (done)
parmake_sub_00: ...done.
parmake_sub_00: Listening for job
parmake_sub_00: got job: (<function parmake_job2 at 0x7fab40ee4b00>, ('autogenerated.book.yaml-html_draft-91a3-wait_assets-6', <compmake.context.Context object at 0x7fab3926f9d0>, '140373393639760', False))
parmake_sub_00: result: {'user_object': None, 'user_object_deps': set(), 'new_jobs': [], 'deleted_jobs': set()}
parmake_sub_00: putting result in result_queue..
parmake_sub_00: (done)
parmake_sub_00: ...done.
parmake_sub_00: Listening for job
parmake_sub_00: got job: (<function parmake_job2 at 0x7fab40ee4b00>, ('autogenerated.book.yaml-html_draft-91a3-_dynreports_getres-3', <compmake.context.Context object at 0x7fab386007d0>, '140373393639760', False))
parmake_sub_00: result: {'user_object': None, 'user_object_deps': set(), 'new_jobs': [], 'deleted_jobs': set()}
parmake_sub_00: putting result in result_queue..
parmake_sub_00: (done)
parmake_sub_00: ...done.
parmake_sub_00: Listening for job
parmake_sub_00: got job: (<function parmake_job2 at 0x7fab40ee4b00>, ('autogenerated.book.yaml-html_draft-91a3-notification', <compmake.context.Context object at 0x7fab3387d110>, '140373393639760', False))
parmake_sub_00: result: {'user_object': None, 'user_object_deps': set(), 'new_jobs': [], 'deleted_jobs': set()}
parmake_sub_00: putting result in result_queue..
parmake_sub_00: (done)
parmake_sub_00: ...done.
parmake_sub_00: Listening for job
parmake_sub_00: got job: (<function parmake_job2 at 0x7fab40ee4b00>, ('autogenerated.book.yaml-html_draft-_dynreports_getbra', <compmake.context.Context object at 0x7fab3387db50>, '140373393639760', False))
parmake_sub_00: result: {'user_object': None, 'user_object_deps': set(), 'new_jobs': [], 'deleted_jobs': set()}
parmake_sub_00: putting result in result_queue..
parmake_sub_00: (done)
parmake_sub_00: ...done.
parmake_sub_00: Listening for job
parmake_sub_00: got job: (<function parmake_job2 at 0x7fab40ee4b00>, ('_dynreports_merge', <compmake.context.Context object at 0x7fab339a4ad0>, '140373393639760', False))
parmake_sub_00: result: {'user_object': None, 'user_object_deps': set(), 'new_jobs': [], 'deleted_jobs': set()}
parmake_sub_00: putting result in result_queue..
parmake_sub_00: (done)
parmake_sub_00: ...done.
parmake_sub_00: Listening for job
parmake_sub_00: got job: (<function parmake_job2 at 0x7fab40ee4b00>, ('_dynreports_create_index', <compmake.context.Context object at 0x7fab339a4f50>, '140373393639760', False))
parmake_sub_00: result: {'user_object': None, 'user_object_deps': set(), 'new_jobs': set(), 'deleted_jobs': set()}
parmake_sub_00: putting result in result_queue..
parmake_sub_00: (done)
parmake_sub_00: ...done.
parmake_sub_00: Listening for job
parmake_sub_00: got job: (<function parmake_job2 at 0x7fab40ee4b00>, ('autogenerated.book.yaml-pdf_printable-write_bytes_to_file', <compmake.context.Context object at 0x7fab33871210>, '140373393639760', False))
parmake_sub_00: result: {'user_object': None, 'user_object_deps': set(), 'new_jobs': [], 'deleted_jobs': set()}
parmake_sub_00: putting result in result_queue..
parmake_sub_00: (done)
parmake_sub_00: ...done.
parmake_sub_00: Listening for job
