parmake_sub_02: started pmake_worker()
parmake_sub_02: Listening for job
parmake_sub_02: got job: (<function parmake_job2 at 0x7f85b8275b00>, ('autogenerated.book.yaml-00_project_reports-af2ec6c2-caf9eda0', <compmake.context.Context object at 0x7f85b52aa950>, '140212252442384', False))
parmake_sub_02: result: {'user_object': None, 'user_object_deps': set(), 'new_jobs': [], 'deleted_jobs': set()}
parmake_sub_02: putting result in result_queue..
parmake_sub_02: (done)
parmake_sub_02: ...done.
parmake_sub_02: Listening for job
parmake_sub_02: got job: (<function parmake_job2 at 0x7f85b8275b00>, ('autogenerated.book.yaml-80_caffe_tensorflow-50a3f328-4a6274bd-source_info', <compmake.context.Context object at 0x7f85b5275ed0>, '140212252442384', False))
parmake_sub_02: result: {'user_object': None, 'user_object_deps': set(), 'new_jobs': [], 'deleted_jobs': set()}
parmake_sub_02: putting result in result_queue..
parmake_sub_02: (done)
parmake_sub_02: ...done.
parmake_sub_02: Listening for job
parmake_sub_02: got job: (<function parmake_job2 at 0x7f85b8275b00>, ('autogenerated.book.yaml-01_project-report-ducky-xing-081a27e7-a2f267d2-source_info', <compmake.context.Context object at 0x7f85b5275c50>, '140212252442384', False))
parmake_sub_02: result: {'user_object': None, 'user_object_deps': set(), 'new_jobs': [], 'deleted_jobs': set()}
parmake_sub_02: putting result in result_queue..
parmake_sub_02: (done)
parmake_sub_02: ...done.
parmake_sub_02: Listening for job
parmake_sub_02: got job: (<function parmake_job2 at 0x7f85b8275b00>, ('autogenerated.book.yaml-00_demos_op-manual_part-07a37464-ed978404-source_info', <compmake.context.Context object at 0x7f85b6887b90>, '140212252442384', False))
parmake_sub_02: result: {'user_object': None, 'user_object_deps': set(), 'new_jobs': [], 'deleted_jobs': set()}
parmake_sub_02: putting result in result_queue..
parmake_sub_02: (done)
parmake_sub_02: ...done.
parmake_sub_02: Listening for job
parmake_sub_02: got job: (<function parmake_job2 at 0x7f85b8275b00>, ('autogenerated.book.yaml-00_caffe_part-6044fc50-a1a4d554-source_info', <compmake.context.Context object at 0x7f85b4b7be50>, '140212252442384', False))
parmake_sub_02: result: {'user_object': None, 'user_object_deps': set(), 'new_jobs': [], 'deleted_jobs': set()}
parmake_sub_02: putting result in result_queue..
parmake_sub_02: (done)
parmake_sub_02: ...done.
parmake_sub_02: Listening for job
parmake_sub_02: got job: (<function parmake_job2 at 0x7f85b8275b00>, ('autogenerated.book.yaml-01_project-report-groupname-dd6d5676-2414ce46-source_info', <compmake.context.Context object at 0x7f85b4c16710>, '140212252442384', False))
parmake_sub_02: result: {'user_object': None, 'user_object_deps': set(), 'new_jobs': [], 'deleted_jobs': set()}
parmake_sub_02: putting result in result_queue..
parmake_sub_02: (done)
parmake_sub_02: ...done.
parmake_sub_02: Listening for job
parmake_sub_02: got job: (<function parmake_job2 at 0x7f85b8275b00>, ('autogenerated.book.yaml-02_instructions-groupname-c400932c-fb91e0ac', <compmake.context.Context object at 0x7f85b4f37fd0>, '140212252442384', False))
parmake_sub_02: result: {'user_object': None, 'user_object_deps': set(), 'new_jobs': [], 'deleted_jobs': set()}
parmake_sub_02: putting result in result_queue..
parmake_sub_02: (done)
parmake_sub_02: ...done.
parmake_sub_02: Listening for job
parmake_sub_02: Could not receive anything.
parmake_sub_02: Listening for job
parmake_sub_02: Could not receive anything.
parmake_sub_02: Listening for job
parmake_sub_02: got job: (<function parmake_job2 at 0x7f85b8275b00>, ('autogenerated.book.yaml-pdf_printable-mark_errors_and_rest', <compmake.context.Context object at 0x7f85b5283350>, '140212252442384', False))
parmake_sub_02: result: {'user_object': None, 'user_object_deps': set(), 'new_jobs': [], 'deleted_jobs': set()}
parmake_sub_02: putting result in result_queue..
parmake_sub_02: (done)
parmake_sub_02: ...done.
parmake_sub_02: Listening for job
parmake_sub_02: got job: (<function parmake_job2 at 0x7f85b8275b00>, ('autogenerated.book.yaml-pdf_printable-add_style', <compmake.context.Context object at 0x7f85b4d55b10>, '140212252442384', False))
parmake_sub_02: result: {'user_object': None, 'user_object_deps': set(), 'new_jobs': [], 'deleted_jobs': set()}
parmake_sub_02: putting result in result_queue..
parmake_sub_02: (done)
parmake_sub_02: ...done.
parmake_sub_02: Listening for job
parmake_sub_02: got job: (<function parmake_job2 at 0x7f85b8275b00>, ('autogenerated.book.yaml-pdf_printable-prerender', <compmake.context.Context object at 0x7f85b4c16710>, '140212252442384', False))
parmake_sub_02: result: {'user_object': None, 'user_object_deps': set(), 'new_jobs': [], 'deleted_jobs': set()}
parmake_sub_02: putting result in result_queue..
parmake_sub_02: (done)
parmake_sub_02: ...done.
parmake_sub_02: Listening for job
parmake_sub_02: got job: (<function parmake_job2 at 0x7f85b8275b00>, ('autogenerated.book.yaml-html_draft-19e5-go_worker', <compmake.context.Context object at 0x7f85b4ea4c50>, '140212252442384', False))
parmake_sub_02: result: {'user_object': None, 'user_object_deps': {'autogenerated.book.yaml-html_draft-19e5-wait_assets-3'}, 'new_jobs': {'autogenerated.book.yaml-html_draft-19e5-remove_spurious-3', 'autogenerated.book.yaml-html_draft-19e5-demos_op_manual_eth_amod_19.html-d8f63123-assets', 'autogenerated.book.yaml-html_draft-19e5-index.html-5e18d511-assets', 'autogenerated.book.yaml-html_draft-19e5-pytorch_install.html-009881ea-assets', 'autogenerated.book.yaml-html_draft-19e5-wait_assets-3'}, 'deleted_jobs': set()}
parmake_sub_02: putting result in result_queue..
parmake_sub_02: (done)
parmake_sub_02: ...done.
parmake_sub_02: Listening for job
parmake_sub_02: got job: (<function parmake_job2 at 0x7f85b8275b00>, ('autogenerated.book.yaml-html_draft-19e5-remove_spurious-3', <compmake.context.Context object at 0x7f85af2b07d0>, '140212252442384', False))
parmake_sub_02: result: {'user_object': None, 'user_object_deps': set(), 'new_jobs': [], 'deleted_jobs': set()}
parmake_sub_02: putting result in result_queue..
parmake_sub_02: (done)
parmake_sub_02: ...done.
parmake_sub_02: Listening for job
parmake_sub_02: got job: (<function parmake_job2 at 0x7f85b8275b00>, ('autogenerated.book.yaml-html_ready-5877-remove_spurious-5', <compmake.context.Context object at 0x7f85b4ea4c10>, '140212252442384', False))
parmake_sub_02: result: {'user_object': None, 'user_object_deps': set(), 'new_jobs': [], 'deleted_jobs': set()}
parmake_sub_02: putting result in result_queue..
parmake_sub_02: (done)
parmake_sub_02: ...done.
parmake_sub_02: Listening for job
parmake_sub_02: got job: (<function parmake_job2 at 0x7f85b8275b00>, ('autogenerated.book.yaml-html_ready-5877-demo_template.html-3d1fe4f8-assets', <compmake.context.Context object at 0x7f85af2b0950>, '140212252442384', False))
parmake_sub_02: result: {'user_object': None, 'user_object_deps': set(), 'new_jobs': [], 'deleted_jobs': set()}
parmake_sub_02: putting result in result_queue..
parmake_sub_02: (done)
parmake_sub_02: ...done.
parmake_sub_02: Listening for job
parmake_sub_02: got job: (<function parmake_job2 at 0x7f85b8275b00>, ('autogenerated.book.yaml-html_draft-19e5-ncsdk_how_to.html-f522e308-assets', <compmake.context.Context object at 0x7f85aed53610>, '140212252442384', False))
parmake_sub_02: result: {'user_object': None, 'user_object_deps': set(), 'new_jobs': [], 'deleted_jobs': set()}
parmake_sub_02: putting result in result_queue..
parmake_sub_02: (done)
parmake_sub_02: ...done.
parmake_sub_02: Listening for job
parmake_sub_02: got job: (<function parmake_job2 at 0x7f85b8275b00>, ('autogenerated.book.yaml-html_draft-19e5-demos_op_manual_eth_amod_19.html-d8f63123-assets', <compmake.context.Context object at 0x7f85b4ea4350>, '140212252442384', False))
parmake_sub_02: result: {'user_object': None, 'user_object_deps': set(), 'new_jobs': [], 'deleted_jobs': set()}
parmake_sub_02: putting result in result_queue..
parmake_sub_02: (done)
parmake_sub_02: ...done.
parmake_sub_02: Listening for job
parmake_sub_02: got job: (<function parmake_job2 at 0x7f85b8275b00>, ('autogenerated.book.yaml-html_draft-19e5-index.html-5e18d511-assets', <compmake.context.Context object at 0x7f85b4e4f990>, '140212252442384', False))
parmake_sub_02: result: {'user_object': None, 'user_object_deps': set(), 'new_jobs': [], 'deleted_jobs': set()}
parmake_sub_02: putting result in result_queue..
parmake_sub_02: (done)
parmake_sub_02: ...done.
parmake_sub_02: Listening for job
parmake_sub_02: got job: (<function parmake_job2 at 0x7f85b8275b00>, ('autogenerated.book.yaml-html_ready-5877-extra.html-92b26299-assets', <compmake.context.Context object at 0x7f85af2b0950>, '140212252442384', False))
parmake_sub_02: result: {'user_object': None, 'user_object_deps': set(), 'new_jobs': [], 'deleted_jobs': set()}
parmake_sub_02: putting result in result_queue..
parmake_sub_02: (done)
parmake_sub_02: ...done.
parmake_sub_02: Listening for job
parmake_sub_02: got job: (<function parmake_job2 at 0x7f85b8275b00>, ('autogenerated.book.yaml-html_ready-5877-pytorch_install.html-8d9378a8-assets', <compmake.context.Context object at 0x7f85b5275410>, '140212252442384', False))
parmake_sub_02: result: {'user_object': None, 'user_object_deps': set(), 'new_jobs': [], 'deleted_jobs': set()}
parmake_sub_02: putting result in result_queue..
parmake_sub_02: (done)
parmake_sub_02: ...done.
parmake_sub_02: Listening for job
parmake_sub_02: got job: (<function parmake_job2 at 0x7f85b8275b00>, ('autogenerated.book.yaml-html_draft-19e5-template_final_report_amod_19.html-4ea7c891-assets', <compmake.context.Context object at 0x7f85aecfbed0>, '140212252442384', False))
parmake_sub_02: result: {'user_object': None, 'user_object_deps': set(), 'new_jobs': [], 'deleted_jobs': set()}
parmake_sub_02: putting result in result_queue..
parmake_sub_02: (done)
parmake_sub_02: ...done.
parmake_sub_02: Listening for job
parmake_sub_02: got job: (<function parmake_job2 at 0x7f85b8275b00>, ('autogenerated.book.yaml-html_draft-19e5-caffe_tensorflow.html-38cfc8e8-assets', <compmake.context.Context object at 0x7f85aec67790>, '140212252442384', False))
parmake_sub_02: result: {'user_object': None, 'user_object_deps': set(), 'new_jobs': [], 'deleted_jobs': set()}
parmake_sub_02: putting result in result_queue..
parmake_sub_02: (done)
parmake_sub_02: ...done.
parmake_sub_02: Listening for job
parmake_sub_02: got job: (<function parmake_job2 at 0x7f85b8275b00>, ('autogenerated.book.yaml-html_draft-19e5-wait_assets-5', <compmake.context.Context object at 0x7f85af2b0950>, '140212252442384', False))
parmake_sub_02: result: {'user_object': None, 'user_object_deps': set(), 'new_jobs': [], 'deleted_jobs': set()}
parmake_sub_02: putting result in result_queue..
parmake_sub_02: (done)
parmake_sub_02: ...done.
parmake_sub_02: Listening for job
parmake_sub_02: got job: (<function parmake_job2 at 0x7f85b8275b00>, ('autogenerated.book.yaml-html_ready-5877-_dynreports_getres-6', <compmake.context.Context object at 0x7f85aedc3e50>, '140212252442384', False))
parmake_sub_02: result: {'user_object': None, 'user_object_deps': set(), 'new_jobs': [], 'deleted_jobs': set()}
parmake_sub_02: putting result in result_queue..
parmake_sub_02: (done)
parmake_sub_02: ...done.
parmake_sub_02: Listening for job
parmake_sub_02: got job: (<function parmake_job2 at 0x7f85b8275b00>, ('autogenerated.book.yaml-html_draft-19e5-_dynreports_getbra-6', <compmake.context.Context object at 0x7f85aec5ded0>, '140212252442384', False))
parmake_sub_02: result: {'user_object': None, 'user_object_deps': set(), 'new_jobs': [], 'deleted_jobs': set()}
parmake_sub_02: putting result in result_queue..
parmake_sub_02: (done)
parmake_sub_02: ...done.
parmake_sub_02: Listening for job
parmake_sub_02: got job: (<function parmake_job2 at 0x7f85b8275b00>, ('autogenerated.book.yaml-html_draft-19e5-caffe_tensorflow_install.html-54dd6e4e-assets', <compmake.context.Context object at 0x7f85aec5dd90>, '140212252442384', False))
parmake_sub_02: result: {'user_object': None, 'user_object_deps': set(), 'new_jobs': [], 'deleted_jobs': set()}
parmake_sub_02: putting result in result_queue..
parmake_sub_02: (done)
parmake_sub_02: ...done.
parmake_sub_02: Listening for job
parmake_sub_02: got job: (<function parmake_job2 at 0x7f85b8275b00>, ('autogenerated.book.yaml-html_ready-5877-ncsdk_install.html-93e5030f-assets', <compmake.context.Context object at 0x7f85aec5df50>, '140212252442384', False))
parmake_sub_02: result: {'user_object': None, 'user_object_deps': set(), 'new_jobs': [], 'deleted_jobs': set()}
parmake_sub_02: putting result in result_queue..
parmake_sub_02: (done)
parmake_sub_02: ...done.
parmake_sub_02: Listening for job
parmake_sub_02: got job: (<function parmake_job2 at 0x7f85b8275b00>, ('autogenerated.book.yaml-html_ready-5877-wait_assets-5', <compmake.context.Context object at 0x7f85aec5de10>, '140212252442384', False))
parmake_sub_02: result: {'user_object': None, 'user_object_deps': set(), 'new_jobs': [], 'deleted_jobs': set()}
parmake_sub_02: putting result in result_queue..
parmake_sub_02: (done)
parmake_sub_02: ...done.
parmake_sub_02: Listening for job
parmake_sub_02: got job: (<function parmake_job2 at 0x7f85b8275b00>, ('autogenerated.book.yaml-html_ready-5877-_dynreports_getres-3', <compmake.context.Context object at 0x7f85aec5de90>, '140212252442384', False))
parmake_sub_02: result: {'user_object': None, 'user_object_deps': set(), 'new_jobs': [], 'deleted_jobs': set()}
parmake_sub_02: putting result in result_queue..
parmake_sub_02: (done)
parmake_sub_02: ...done.
parmake_sub_02: Listening for job
parmake_sub_02: got job: (<function parmake_job2 at 0x7f85b8275b00>, ('autogenerated.book.yaml-html_ready-5877-notification', <compmake.context.Context object at 0x7f85b4e7a4d0>, '140212252442384', False))
parmake_sub_02: result: {'user_object': None, 'user_object_deps': set(), 'new_jobs': [], 'deleted_jobs': set()}
parmake_sub_02: putting result in result_queue..
parmake_sub_02: (done)
parmake_sub_02: ...done.
parmake_sub_02: Listening for job
parmake_sub_02: got job: (<function parmake_job2 at 0x7f85b8275b00>, ('autogenerated.book.yaml-html_draft-19e5-_dynreports_getbra-3', <compmake.context.Context object at 0x7f85aecbdad0>, '140212252442384', False))
parmake_sub_02: result: {'user_object': None, 'user_object_deps': set(), 'new_jobs': [], 'deleted_jobs': set()}
parmake_sub_02: putting result in result_queue..
parmake_sub_02: (done)
parmake_sub_02: ...done.
parmake_sub_02: Listening for job
parmake_sub_02: got job: (<function parmake_job2 at 0x7f85b8275b00>, ('autogenerated.book.yaml-html_draft-19e5-_dynreports_merge', <compmake.context.Context object at 0x7f85b4f68c90>, '140212252442384', False))
parmake_sub_02: result: {'user_object': None, 'user_object_deps': set(), 'new_jobs': [], 'deleted_jobs': set()}
parmake_sub_02: putting result in result_queue..
parmake_sub_02: (done)
parmake_sub_02: ...done.
parmake_sub_02: Listening for job
parmake_sub_02: got job: (<function parmake_job2 at 0x7f85b8275b00>, ('autogenerated.book.yaml-html_draft-_dynreports_getres', <compmake.context.Context object at 0x7f85b4f68b90>, '140212252442384', False))
parmake_sub_02: result: {'user_object': None, 'user_object_deps': set(), 'new_jobs': [], 'deleted_jobs': set()}
parmake_sub_02: putting result in result_queue..
parmake_sub_02: (done)
parmake_sub_02: ...done.
parmake_sub_02: Listening for job
parmake_sub_02: Received EXIT_TOKEN.
parmake_sub_02: saving coverage
parmake_sub_02: saved coverage
parmake_sub_02: clean exit.
