parmake_sub_03: started pmake_worker()
parmake_sub_03: Listening for job
parmake_sub_03: got job: (<function parmake_job2 at 0x7efbf1e5eb00>, ('autogenerated.book.yaml-00_caffe_part-6044fc50-a1a4d554-source_info', <compmake.context.Context object at 0x7efbeb259e50>, '139620448422800', False))
parmake_sub_03: result: {'user_object': None, 'user_object_deps': set(), 'new_jobs': [], 'deleted_jobs': set()}
parmake_sub_03: putting result in result_queue..
parmake_sub_03: (done)
parmake_sub_03: ...done.
parmake_sub_03: Listening for job
parmake_sub_03: got job: (<function parmake_job2 at 0x7efbf1e5eb00>, ('autogenerated.book.yaml-00_caffe_part-6044fc50-a1a4d554', <compmake.context.Context object at 0x7efbeae847d0>, '139620448422800', False))
parmake_sub_03: result: {'user_object': None, 'user_object_deps': set(), 'new_jobs': [], 'deleted_jobs': set()}
parmake_sub_03: putting result in result_queue..
parmake_sub_03: (done)
parmake_sub_03: ...done.
parmake_sub_03: Listening for job
parmake_sub_03: got job: (<function parmake_job2 at 0x7efbf1e5eb00>, ('autogenerated.book.yaml-10_op-manual_demoname_template-753e17f9-2a34a1a9', <compmake.context.Context object at 0x7efbeb252f10>, '139620448422800', False))
parmake_sub_03: result: {'user_object': None, 'user_object_deps': set(), 'new_jobs': [], 'deleted_jobs': set()}
parmake_sub_03: putting result in result_queue..
parmake_sub_03: (done)
parmake_sub_03: ...done.
parmake_sub_03: Listening for job
parmake_sub_03: Could not receive anything.
parmake_sub_03: Listening for job
parmake_sub_03: Could not receive anything.
parmake_sub_03: Listening for job
parmake_sub_03: got job: (<function parmake_job2 at 0x7efbf1e5eb00>, ('autogenerated.book.yaml-pdf_printable-mark_errors_and_rest', <compmake.context.Context object at 0x7efbea7ccb90>, '139620448422800', False))
parmake_sub_03: result: {'user_object': None, 'user_object_deps': set(), 'new_jobs': [], 'deleted_jobs': set()}
parmake_sub_03: putting result in result_queue..
parmake_sub_03: (done)
parmake_sub_03: ...done.
parmake_sub_03: Listening for job
parmake_sub_03: got job: (<function parmake_job2 at 0x7efbf1e5eb00>, ('autogenerated.book.yaml-pdf_printable-add_style', <compmake.context.Context object at 0x7efbea67a4d0>, '139620448422800', False))
parmake_sub_03: result: {'user_object': None, 'user_object_deps': set(), 'new_jobs': [], 'deleted_jobs': set()}
parmake_sub_03: putting result in result_queue..
parmake_sub_03: (done)
parmake_sub_03: ...done.
parmake_sub_03: Listening for job
parmake_sub_03: got job: (<function parmake_job2 at 0x7efbf1e5eb00>, ('autogenerated.book.yaml-pdf_printable-prerender', <compmake.context.Context object at 0x7efbe9b04410>, '139620448422800', False))
parmake_sub_03: result: {'user_object': None, 'user_object_deps': set(), 'new_jobs': [], 'deleted_jobs': set()}
parmake_sub_03: putting result in result_queue..
parmake_sub_03: (done)
parmake_sub_03: ...done.
parmake_sub_03: Listening for job
parmake_sub_03: got job: (<function parmake_job2 at 0x7efbf1e5eb00>, ('autogenerated.book.yaml-html_ready-9acb-go_worker-4', <compmake.context.Context object at 0x7efbe9b04490>, '139620448422800', False))
parmake_sub_03: result: {'user_object': None, 'user_object_deps': {'autogenerated.book.yaml-html_ready-9acb-wait_assets-4'}, 'new_jobs': {'autogenerated.book.yaml-html_ready-9acb-remove_spurious-4', 'autogenerated.book.yaml-html_ready-9acb-write_crossref_info-4', 'autogenerated.book.yaml-html_ready-9acb-template_final_report_amod_19.html-e9446a4e-assets', 'autogenerated.book.yaml-html_ready-9acb-wait_assets-4', 'autogenerated.book.yaml-html_ready-9acb-caffe_tensorflow.html-f24ac473-assets'}, 'deleted_jobs': set()}
parmake_sub_03: putting result in result_queue..
parmake_sub_03: (done)
parmake_sub_03: ...done.
parmake_sub_03: Listening for job
parmake_sub_03: got job: (<function parmake_job2 at 0x7efbf1e5eb00>, ('autogenerated.book.yaml-html_ready-9acb-write_crossref_info-4', <compmake.context.Context object at 0x7efbeaa73e10>, '139620448422800', False))
parmake_sub_03: result: {'user_object': None, 'user_object_deps': set(), 'new_jobs': [], 'deleted_jobs': set()}
parmake_sub_03: putting result in result_queue..
parmake_sub_03: (done)
parmake_sub_03: ...done.
parmake_sub_03: Listening for job
parmake_sub_03: got job: (<function parmake_job2 at 0x7efbf1e5eb00>, ('autogenerated.book.yaml-html_ready-9acb-caffe_tensorflow.html-f24ac473-assets', <compmake.context.Context object at 0x7efbe8ec72d0>, '139620448422800', False))
parmake_sub_03: result: {'user_object': None, 'user_object_deps': set(), 'new_jobs': [], 'deleted_jobs': set()}
parmake_sub_03: putting result in result_queue..
parmake_sub_03: (done)
parmake_sub_03: ...done.
parmake_sub_03: Listening for job
parmake_sub_03: got job: (<function parmake_job2 at 0x7efbf1e5eb00>, ('autogenerated.book.yaml-html_draft-6ad4-pytorch_install.html-b3c3e070-assets', <compmake.context.Context object at 0x7efbe8ec5650>, '139620448422800', False))
parmake_sub_03: result: {'user_object': None, 'user_object_deps': set(), 'new_jobs': [], 'deleted_jobs': set()}
parmake_sub_03: putting result in result_queue..
parmake_sub_03: (done)
parmake_sub_03: ...done.
parmake_sub_03: Listening for job
parmake_sub_03: got job: (<function parmake_job2 at 0x7efbf1e5eb00>, ('autogenerated.book.yaml-html_ready-9acb-caffe_tensorflow_install.html-448f7d86-assets', <compmake.context.Context object at 0x7efbe8ec72d0>, '139620448422800', False))
parmake_sub_03: result: {'user_object': None, 'user_object_deps': set(), 'new_jobs': [], 'deleted_jobs': set()}
parmake_sub_03: putting result in result_queue..
parmake_sub_03: (done)
parmake_sub_03: ...done.
parmake_sub_03: Listening for job
parmake_sub_03: got job: (<function parmake_job2 at 0x7efbf1e5eb00>, ('autogenerated.book.yaml-html_draft-6ad4-final_reports_eth_amod_19.html-409d80fb-assets', <compmake.context.Context object at 0x7efbe8c49fd0>, '139620448422800', False))
parmake_sub_03: result: {'user_object': None, 'user_object_deps': set(), 'new_jobs': [], 'deleted_jobs': set()}
parmake_sub_03: putting result in result_queue..
parmake_sub_03: (done)
parmake_sub_03: ...done.
parmake_sub_03: Listening for job
parmake_sub_03: got job: (<function parmake_job2 at 0x7efbf1e5eb00>, ('autogenerated.book.yaml-html_draft-6ad4-wait_assets-5', <compmake.context.Context object at 0x7efbea6cb150>, '139620448422800', False))
parmake_sub_03: result: {'user_object': None, 'user_object_deps': set(), 'new_jobs': [], 'deleted_jobs': set()}
parmake_sub_03: putting result in result_queue..
parmake_sub_03: (done)
parmake_sub_03: ...done.
parmake_sub_03: Listening for job
parmake_sub_03: got job: (<function parmake_job2 at 0x7efbf1e5eb00>, ('autogenerated.book.yaml-html_draft-6ad4-_dynreports_getbra-3', <compmake.context.Context object at 0x7efbe8c49f90>, '139620448422800', False))
parmake_sub_03: result: {'user_object': None, 'user_object_deps': set(), 'new_jobs': [], 'deleted_jobs': set()}
parmake_sub_03: putting result in result_queue..
parmake_sub_03: (done)
parmake_sub_03: ...done.
parmake_sub_03: Listening for job
parmake_sub_03: got job: (<function parmake_job2 at 0x7efbf1e5eb00>, ('autogenerated.book.yaml-html_ready-9acb-_dynreports_getbra-6', <compmake.context.Context object at 0x7efbe8c49f50>, '139620448422800', False))
parmake_sub_03: result: {'user_object': None, 'user_object_deps': set(), 'new_jobs': [], 'deleted_jobs': set()}
parmake_sub_03: putting result in result_queue..
parmake_sub_03: (done)
parmake_sub_03: ...done.
parmake_sub_03: Listening for job
parmake_sub_03: got job: (<function parmake_job2 at 0x7efbf1e5eb00>, ('autogenerated.book.yaml-html_ready-9acb-template_final_report_amod_19.html-e9446a4e-assets', <compmake.context.Context object at 0x7efbeaa73e10>, '139620448422800', False))
parmake_sub_03: result: {'user_object': None, 'user_object_deps': set(), 'new_jobs': [], 'deleted_jobs': set()}
parmake_sub_03: putting result in result_queue..
parmake_sub_03: (done)
parmake_sub_03: ...done.
parmake_sub_03: Listening for job
parmake_sub_03: got job: (<function parmake_job2 at 0x7efbf1e5eb00>, ('autogenerated.book.yaml-html_ready-9acb-wait_assets-4', <compmake.context.Context object at 0x7efbeaa6f0d0>, '139620448422800', False))
parmake_sub_03: result: {'user_object': None, 'user_object_deps': set(), 'new_jobs': [], 'deleted_jobs': set()}
parmake_sub_03: putting result in result_queue..
parmake_sub_03: (done)
parmake_sub_03: ...done.
parmake_sub_03: Listening for job
parmake_sub_03: got job: (<function parmake_job2 at 0x7efbf1e5eb00>, ('autogenerated.book.yaml-html_ready-9acb-_dynreports_getbra-4', <compmake.context.Context object at 0x7efbe8c49f90>, '139620448422800', False))
parmake_sub_03: result: {'user_object': None, 'user_object_deps': set(), 'new_jobs': [], 'deleted_jobs': set()}
parmake_sub_03: putting result in result_queue..
parmake_sub_03: (done)
parmake_sub_03: ...done.
parmake_sub_03: Listening for job
parmake_sub_03: Received EXIT_TOKEN.
parmake_sub_03: saving coverage
parmake_sub_03: saved coverage
parmake_sub_03: clean exit.
