parmake_sub_04: started pmake_worker()
parmake_sub_04: Listening for job
parmake_sub_04: got job: (<function parmake_job2 at 0x7fd96eb32b00>, ('autogenerated.book.yaml-00_demos_op-manual_part-07a37464-ed978404', <compmake.context.Context object at 0x7fd967f60450>, '140571797302160', False))
parmake_sub_04: result: {'user_object': None, 'user_object_deps': set(), 'new_jobs': [], 'deleted_jobs': set()}
parmake_sub_04: putting result in result_queue..
parmake_sub_04: (done)
parmake_sub_04: ...done.
parmake_sub_04: Listening for job
parmake_sub_04: got job: (<function parmake_job2 at 0x7fd96eb32b00>, ('autogenerated.book.yaml-80_caffe_tensorflow-50a3f328-4a6274bd-source_info', <compmake.context.Context object at 0x7fd967b21f10>, '140571797302160', False))
parmake_sub_04: result: {'user_object': None, 'user_object_deps': set(), 'new_jobs': [], 'deleted_jobs': set()}
parmake_sub_04: putting result in result_queue..
parmake_sub_04: (done)
parmake_sub_04: ...done.
parmake_sub_04: Listening for job
parmake_sub_04: got job: (<function parmake_job2 at 0x7fd96eb32b00>, ('autogenerated.book.yaml-01_project-report-groupname-034fe2c6-2414ce46-source_info', <compmake.context.Context object at 0x7fd967b17ed0>, '140571797302160', False))
parmake_sub_04: result: {'user_object': None, 'user_object_deps': set(), 'new_jobs': [], 'deleted_jobs': set()}
parmake_sub_04: putting result in result_queue..
parmake_sub_04: (done)
parmake_sub_04: ...done.
parmake_sub_04: Listening for job
parmake_sub_04: got job: (<function parmake_job2 at 0x7fd96eb32b00>, ('autogenerated.book.yaml-02_instructions-groupname-d122a01f-fb91e0ac', <compmake.context.Context object at 0x7fd96d146250>, '140571797302160', False))
parmake_sub_04: result: {'user_object': None, 'user_object_deps': set(), 'new_jobs': [], 'deleted_jobs': set()}
parmake_sub_04: putting result in result_queue..
parmake_sub_04: (done)
parmake_sub_04: ...done.
parmake_sub_04: Listening for job
parmake_sub_04: got job: (<function parmake_job2 at 0x7fd96eb32b00>, ('autogenerated.book.yaml-pdf_printable-write_manifest_pdf', <compmake.context.Context object at 0x7fd967773a10>, '140571797302160', False))
parmake_sub_04: result: {'user_object': None, 'user_object_deps': set(), 'new_jobs': [], 'deleted_jobs': set()}
parmake_sub_04: putting result in result_queue..
parmake_sub_04: (done)
parmake_sub_04: ...done.
parmake_sub_04: Listening for job
parmake_sub_04: got job: (<function parmake_job2 at 0x7fd96eb32b00>, ('autogenerated.book.yaml-pdf_tablet-write_manifest_pdf', <compmake.context.Context object at 0x7fd967419cd0>, '140571797302160', False))
parmake_sub_04: result: {'user_object': None, 'user_object_deps': set(), 'new_jobs': [], 'deleted_jobs': set()}
parmake_sub_04: putting result in result_queue..
parmake_sub_04: (done)
parmake_sub_04: ...done.
parmake_sub_04: Listening for job
parmake_sub_04: Could not receive anything.
parmake_sub_04: Listening for job
parmake_sub_04: Could not receive anything.
parmake_sub_04: Listening for job
parmake_sub_04: got job: (<function parmake_job2 at 0x7fd96eb32b00>, ('autogenerated.book.yaml-html_ready-write_ustring_res', <compmake.context.Context object at 0x7fd967b17ed0>, '140571797302160', False))
parmake_sub_04: result: {'user_object': None, 'user_object_deps': set(), 'new_jobs': [], 'deleted_jobs': set()}
parmake_sub_04: putting result in result_queue..
parmake_sub_04: (done)
parmake_sub_04: ...done.
parmake_sub_04: Listening for job
parmake_sub_04: got job: (<function parmake_job2 at 0x7fd96eb32b00>, ('autogenerated.book.yaml-html_draft-write_ustring_res', <compmake.context.Context object at 0x7fd967b17c10>, '140571797302160', False))
parmake_sub_04: result: {'user_object': None, 'user_object_deps': set(), 'new_jobs': [], 'deleted_jobs': set()}
parmake_sub_04: putting result in result_queue..
parmake_sub_04: (done)
parmake_sub_04: ...done.
parmake_sub_04: Listening for job
parmake_sub_04: got job: (<function parmake_job2 at 0x7fd96eb32b00>, ('autogenerated.book.yaml-html_ready-385e-download_reveal', <compmake.context.Context object at 0x7fd967f60450>, '140571797302160', False))
parmake_sub_04: result: {'user_object': None, 'user_object_deps': set(), 'new_jobs': [], 'deleted_jobs': set()}
parmake_sub_04: putting result in result_queue..
parmake_sub_04: (done)
parmake_sub_04: ...done.
parmake_sub_04: Listening for job
parmake_sub_04: got job: (<function parmake_job2 at 0x7fd96eb32b00>, ('autogenerated.book.yaml-html_ready-385e-go_worker-2', <compmake.context.Context object at 0x7fd967808650>, '140571797302160', False))
parmake_sub_04: result: {'user_object': None, 'user_object_deps': {'autogenerated.book.yaml-html_ready-385e-wait_assets-2'}, 'new_jobs': {'autogenerated.book.yaml-html_ready-385e-wait_assets-2', 'autogenerated.book.yaml-html_ready-385e-lisus_assignment3.html-a061393c-assets', 'autogenerated.book.yaml-html_ready-385e-write_crossref_info', 'autogenerated.book.yaml-html_ready-385e-remove_spurious', 'autogenerated.book.yaml-html_ready-385e-caffe_tensorflow_install.html-56e57217-assets', 'autogenerated.book.yaml-html_ready-385e-demo_template.html-85870489-assets'}, 'deleted_jobs': set()}
parmake_sub_04: putting result in result_queue..
parmake_sub_04: (done)
parmake_sub_04: ...done.
parmake_sub_04: Listening for job
parmake_sub_04: got job: (<function parmake_job2 at 0x7fd96eb32b00>, ('autogenerated.book.yaml-html_ready-385e-go_worker-4', <compmake.context.Context object at 0x7fd967b08890>, '140571797302160', False))
parmake_sub_04: result: {'user_object': None, 'user_object_deps': {'autogenerated.book.yaml-html_ready-385e-wait_assets-6'}, 'new_jobs': {'autogenerated.book.yaml-html_ready-385e-ncsdk_how_to.html-41e43a78-assets', 'autogenerated.book.yaml-html_ready-385e-write_crossref_info-6', 'autogenerated.book.yaml-html_ready-385e-groupname_final_report.html-8fcf85e2-assets', 'autogenerated.book.yaml-html_ready-385e-wait_assets-6', 'autogenerated.book.yaml-html_ready-385e-remove_spurious-6'}, 'deleted_jobs': set()}
parmake_sub_04: putting result in result_queue..
parmake_sub_04: (done)
parmake_sub_04: ...done.
parmake_sub_04: Listening for job
parmake_sub_04: got job: (<function parmake_job2 at 0x7fd96eb32b00>, ('autogenerated.book.yaml-html_ready-385e-write_crossref_info-6', <compmake.context.Context object at 0x7fd967114750>, '140571797302160', False))
parmake_sub_04: result: {'user_object': None, 'user_object_deps': set(), 'new_jobs': [], 'deleted_jobs': set()}
parmake_sub_04: putting result in result_queue..
parmake_sub_04: (done)
parmake_sub_04: ...done.
parmake_sub_04: Listening for job
parmake_sub_04: got job: (<function parmake_job2 at 0x7fd96eb32b00>, ('autogenerated.book.yaml-html_ready-385e-ncsdk_install.html-0244e026-assets', <compmake.context.Context object at 0x7fd966dffe50>, '140571797302160', False))
parmake_sub_04: result: {'user_object': None, 'user_object_deps': set(), 'new_jobs': [], 'deleted_jobs': set()}
parmake_sub_04: putting result in result_queue..
parmake_sub_04: (done)
parmake_sub_04: ...done.
parmake_sub_04: Listening for job
parmake_sub_04: got job: (<function parmake_job2 at 0x7fd96eb32b00>, ('autogenerated.book.yaml-html_ready-385e-demo_template.html-85870489-assets', <compmake.context.Context object at 0x7fd966d86b10>, '140571797302160', False))
parmake_sub_04: result: {'user_object': None, 'user_object_deps': set(), 'new_jobs': [], 'deleted_jobs': set()}
parmake_sub_04: putting result in result_queue..
parmake_sub_04: (done)
parmake_sub_04: ...done.
parmake_sub_04: Listening for job
parmake_sub_04: got job: (<function parmake_job2 at 0x7fd96eb32b00>, ('autogenerated.book.yaml-html_draft-cf3e-caffe_tensorflow_install.html-4c5444ed-assets', <compmake.context.Context object at 0x7fd966b0ced0>, '140571797302160', False))
parmake_sub_04: result: {'user_object': None, 'user_object_deps': set(), 'new_jobs': [], 'deleted_jobs': set()}
parmake_sub_04: putting result in result_queue..
parmake_sub_04: (done)
parmake_sub_04: ...done.
parmake_sub_04: Listening for job
parmake_sub_04: got job: (<function parmake_job2 at 0x7fd96eb32b00>, ('autogenerated.book.yaml-html_draft-cf3e-wait_assets-2', <compmake.context.Context object at 0x7fd966d86150>, '140571797302160', False))
parmake_sub_04: result: {'user_object': None, 'user_object_deps': set(), 'new_jobs': [], 'deleted_jobs': set()}
parmake_sub_04: putting result in result_queue..
parmake_sub_04: (done)
parmake_sub_04: ...done.
parmake_sub_04: Listening for job
parmake_sub_04: got job: (<function parmake_job2 at 0x7fd96eb32b00>, ('autogenerated.book.yaml-html_draft-cf3e-_dynreports_getbra-2', <compmake.context.Context object at 0x7fd966b0ced0>, '140571797302160', False))
parmake_sub_04: result: {'user_object': None, 'user_object_deps': set(), 'new_jobs': [], 'deleted_jobs': set()}
parmake_sub_04: putting result in result_queue..
parmake_sub_04: (done)
parmake_sub_04: ...done.
parmake_sub_04: Listening for job
parmake_sub_04: got job: (<function parmake_job2 at 0x7fd96eb32b00>, ('autogenerated.book.yaml-html_draft-cf3e-_dynreports_merge', <compmake.context.Context object at 0x7fd966b0cd10>, '140571797302160', False))
parmake_sub_04: result: {'user_object': None, 'user_object_deps': set(), 'new_jobs': [], 'deleted_jobs': set()}
parmake_sub_04: putting result in result_queue..
parmake_sub_04: (done)
parmake_sub_04: ...done.
parmake_sub_04: Listening for job
parmake_sub_04: got job: (<function parmake_job2 at 0x7fd96eb32b00>, ('autogenerated.book.yaml-html_draft-_dynreports_getres', <compmake.context.Context object at 0x7fd967114b50>, '140571797302160', False))
parmake_sub_04: result: {'user_object': None, 'user_object_deps': set(), 'new_jobs': [], 'deleted_jobs': set()}
parmake_sub_04: putting result in result_queue..
parmake_sub_04: (done)
parmake_sub_04: ...done.
parmake_sub_04: Listening for job
parmake_sub_04: got job: (<function parmake_job2 at 0x7fd96eb32b00>, ('autogenerated.book.yaml-html_ready-write_errors_and_warnings_files', <compmake.context.Context object at 0x7fd966bbcf50>, '140571797302160', False))
parmake_sub_04: result: {'user_object': None, 'user_object_deps': set(), 'new_jobs': [], 'deleted_jobs': set()}
parmake_sub_04: putting result in result_queue..
parmake_sub_04: (done)
parmake_sub_04: ...done.
parmake_sub_04: Listening for job
