parmake_sub_05: started pmake_worker()
parmake_sub_05: Listening for job
parmake_sub_05: got job: (<function parmake_job2 at 0x7fab40ee4b00>, ('autogenerated.book.yaml-00_project_reports-af2ec6c2-caf9eda0-source_info', <compmake.context.Context object at 0x7fab3a2ffc50>, '140373393639760', False))
parmake_sub_05: result: {'user_object': None, 'user_object_deps': set(), 'new_jobs': [], 'deleted_jobs': set()}
parmake_sub_05: putting result in result_queue..
parmake_sub_05: (done)
parmake_sub_05: ...done.
parmake_sub_05: Listening for job
parmake_sub_05: got job: (<function parmake_job2 at 0x7fab40ee4b00>, ('autogenerated.book.yaml-70_pytorch-eedb8c4a-47a377b1', <compmake.context.Context object at 0x7fab39edf450>, '140373393639760', False))
parmake_sub_05: result: {'user_object': None, 'user_object_deps': set(), 'new_jobs': [], 'deleted_jobs': set()}
parmake_sub_05: putting result in result_queue..
parmake_sub_05: (done)
parmake_sub_05: ...done.
parmake_sub_05: Listening for job
parmake_sub_05: got job: (<function parmake_job2 at 0x7fab40ee4b00>, ('autogenerated.book.yaml-90_neural_compute_stick-a4dc66d0-44211447', <compmake.context.Context object at 0x7fab40bc0790>, '140373393639760', False))
parmake_sub_05: result: {'user_object': None, 'user_object_deps': set(), 'new_jobs': [], 'deleted_jobs': set()}
parmake_sub_05: putting result in result_queue..
parmake_sub_05: (done)
parmake_sub_05: ...done.
parmake_sub_05: Listening for job
parmake_sub_05: got job: (<function parmake_job2 at 0x7fab40ee4b00>, ('autogenerated.book.yaml-html_draft-write_manifest_html', <compmake.context.Context object at 0x7fab39edfb50>, '140373393639760', False))
parmake_sub_05: result: {'user_object': None, 'user_object_deps': set(), 'new_jobs': [], 'deleted_jobs': set()}
parmake_sub_05: putting result in result_queue..
parmake_sub_05: (done)
parmake_sub_05: ...done.
parmake_sub_05: Listening for job
parmake_sub_05: got job: (<function parmake_job2 at 0x7fab40ee4b00>, ('autogenerated.book.yaml-pdf_printable-write_manifest_pdf', <compmake.context.Context object at 0x7fab398dc410>, '140373393639760', False))
parmake_sub_05: result: {'user_object': None, 'user_object_deps': set(), 'new_jobs': [], 'deleted_jobs': set()}
parmake_sub_05: putting result in result_queue..
parmake_sub_05: (done)
parmake_sub_05: ...done.
parmake_sub_05: Listening for job
parmake_sub_05: Could not receive anything.
parmake_sub_05: Listening for job
parmake_sub_05: Could not receive anything.
parmake_sub_05: Listening for job
parmake_sub_05: got job: (<function parmake_job2 at 0x7fab40ee4b00>, ('autogenerated.book.yaml-html_draft-write_ustring_res', <compmake.context.Context object at 0x7fab397e5ad0>, '140373393639760', False))
parmake_sub_05: result: {'user_object': None, 'user_object_deps': set(), 'new_jobs': [], 'deleted_jobs': set()}
parmake_sub_05: putting result in result_queue..
parmake_sub_05: (done)
parmake_sub_05: ...done.
parmake_sub_05: Listening for job
parmake_sub_05: got job: (<function parmake_job2 at 0x7fab40ee4b00>, ('autogenerated.book.yaml-html_ready-872d-go_worker-6', <compmake.context.Context object at 0x7fab39eea910>, '140373393639760', False))
parmake_sub_05: result: {'user_object': None, 'user_object_deps': {'autogenerated.book.yaml-html_ready-872d-wait_assets'}, 'new_jobs': {'autogenerated.book.yaml-html_ready-872d-caffe_tensorflow.html-83dae669-assets', 'autogenerated.book.yaml-html_ready-872d-write_crossref_info-5', 'autogenerated.book.yaml-html_ready-872d-template_final_report_amod_19.html-4dcf3284-assets', 'autogenerated.book.yaml-html_ready-872d-wait_assets', 'autogenerated.book.yaml-html_ready-872d-remove_spurious-5'}, 'deleted_jobs': set()}
parmake_sub_05: putting result in result_queue..
parmake_sub_05: (done)
parmake_sub_05: ...done.
parmake_sub_05: Listening for job
parmake_sub_05: got job: (<function parmake_job2 at 0x7fab40ee4b00>, ('autogenerated.book.yaml-html_draft-91a3-go_worker', <compmake.context.Context object at 0x7fab39540590>, '140373393639760', False))
parmake_sub_05: result: {'user_object': None, 'user_object_deps': {'autogenerated.book.yaml-html_draft-91a3-wait_assets-4'}, 'new_jobs': {'autogenerated.book.yaml-html_draft-91a3-pytorch_install.html-f9571d83-assets', 'autogenerated.book.yaml-html_draft-91a3-remove_spurious-4', 'autogenerated.book.yaml-html_draft-91a3-wait_assets-4', 'autogenerated.book.yaml-html_draft-91a3-demos_op_manual_eth_amod_19.html-966efe5d-assets', 'autogenerated.book.yaml-html_draft-91a3-index.html-00144e95-assets'}, 'deleted_jobs': set()}
parmake_sub_05: putting result in result_queue..
parmake_sub_05: (done)
parmake_sub_05: ...done.
parmake_sub_05: Listening for job
parmake_sub_05: got job: (<function parmake_job2 at 0x7fab40ee4b00>, ('autogenerated.book.yaml-html_draft-91a3-remove_spurious-4', <compmake.context.Context object at 0x7fab397be8d0>, '140373393639760', False))
parmake_sub_05: result: {'user_object': None, 'user_object_deps': set(), 'new_jobs': [], 'deleted_jobs': set()}
parmake_sub_05: putting result in result_queue..
parmake_sub_05: (done)
parmake_sub_05: ...done.
parmake_sub_05: Listening for job
parmake_sub_05: got job: (<function parmake_job2 at 0x7fab40ee4b00>, ('autogenerated.book.yaml-html_ready-872d-index.html-00144e95-assets', <compmake.context.Context object at 0x7fab39b07410>, '140373393639760', False))
parmake_sub_05: result: {'user_object': None, 'user_object_deps': set(), 'new_jobs': [], 'deleted_jobs': set()}
parmake_sub_05: putting result in result_queue..
parmake_sub_05: (done)
parmake_sub_05: ...done.
parmake_sub_05: Listening for job
parmake_sub_05: got job: (<function parmake_job2 at 0x7fab40ee4b00>, ('autogenerated.book.yaml-html_ready-872d-wait_assets-4', <compmake.context.Context object at 0x7fab3971c050>, '140373393639760', False))
parmake_sub_05: result: {'user_object': None, 'user_object_deps': set(), 'new_jobs': [], 'deleted_jobs': set()}
parmake_sub_05: putting result in result_queue..
parmake_sub_05: (done)
parmake_sub_05: ...done.
parmake_sub_05: Listening for job
parmake_sub_05: got job: (<function parmake_job2 at 0x7fab40ee4b00>, ('autogenerated.book.yaml-html_ready-872d-final_reports_eth_amod_19.html-49bf8940-assets', <compmake.context.Context object at 0x7fab38e47f90>, '140373393639760', False))
parmake_sub_05: result: {'user_object': None, 'user_object_deps': set(), 'new_jobs': [], 'deleted_jobs': set()}
parmake_sub_05: putting result in result_queue..
parmake_sub_05: (done)
parmake_sub_05: ...done.
parmake_sub_05: Listening for job
parmake_sub_05: got job: (<function parmake_job2 at 0x7fab40ee4b00>, ('autogenerated.book.yaml-html_ready-872d-template_final_report_amod_19.html-4dcf3284-assets', <compmake.context.Context object at 0x7fab38e47e90>, '140373393639760', False))
parmake_sub_05: result: {'user_object': None, 'user_object_deps': set(), 'new_jobs': [], 'deleted_jobs': set()}
parmake_sub_05: putting result in result_queue..
parmake_sub_05: (done)
parmake_sub_05: ...done.
parmake_sub_05: Listening for job
parmake_sub_05: got job: (<function parmake_job2 at 0x7fab40ee4b00>, ('autogenerated.book.yaml-html_ready-872d-wait_assets', <compmake.context.Context object at 0x7fab38df9490>, '140373393639760', False))
parmake_sub_05: result: {'user_object': None, 'user_object_deps': set(), 'new_jobs': [], 'deleted_jobs': set()}
parmake_sub_05: putting result in result_queue..
parmake_sub_05: (done)
parmake_sub_05: ...done.
parmake_sub_05: Listening for job
parmake_sub_05: got job: (<function parmake_job2 at 0x7fab40ee4b00>, ('autogenerated.book.yaml-html_ready-872d-_dynreports_getbra-6', <compmake.context.Context object at 0x7fab39947150>, '140373393639760', False))
parmake_sub_05: result: {'user_object': None, 'user_object_deps': set(), 'new_jobs': [], 'deleted_jobs': set()}
parmake_sub_05: putting result in result_queue..
parmake_sub_05: (done)
parmake_sub_05: ...done.
parmake_sub_05: Listening for job
parmake_sub_05: got job: (<function parmake_job2 at 0x7fab40ee4b00>, ('autogenerated.book.yaml-html_ready-872d-_dynreports_getres-6', <compmake.context.Context object at 0x7fab38df90d0>, '140373393639760', False))
parmake_sub_05: result: {'user_object': None, 'user_object_deps': set(), 'new_jobs': [], 'deleted_jobs': set()}
parmake_sub_05: putting result in result_queue..
parmake_sub_05: (done)
parmake_sub_05: ...done.
parmake_sub_05: Listening for job
parmake_sub_05: got job: (<function parmake_job2 at 0x7fab40ee4b00>, ('autogenerated.book.yaml-html_draft-91a3-groupname_final_report.html-c3ace79b-assets', <compmake.context.Context object at 0x7fab398dc410>, '140373393639760', False))
parmake_sub_05: result: {'user_object': None, 'user_object_deps': set(), 'new_jobs': [], 'deleted_jobs': set()}
parmake_sub_05: putting result in result_queue..
parmake_sub_05: (done)
parmake_sub_05: ...done.
parmake_sub_05: Listening for job
parmake_sub_05: got job: (<function parmake_job2 at 0x7fab40ee4b00>, ('autogenerated.book.yaml-html_draft-91a3-wait_assets-2', <compmake.context.Context object at 0x7fab39b04910>, '140373393639760', False))
parmake_sub_05: result: {'user_object': None, 'user_object_deps': set(), 'new_jobs': [], 'deleted_jobs': set()}
parmake_sub_05: putting result in result_queue..
parmake_sub_05: (done)
parmake_sub_05: ...done.
parmake_sub_05: Listening for job
parmake_sub_05: got job: (<function parmake_job2 at 0x7fab40ee4b00>, ('autogenerated.book.yaml-html_draft-91a3-_dynreports_getres-2', <compmake.context.Context object at 0x7fab39947150>, '140373393639760', False))
parmake_sub_05: result: {'user_object': None, 'user_object_deps': set(), 'new_jobs': [], 'deleted_jobs': set()}
parmake_sub_05: putting result in result_queue..
parmake_sub_05: (done)
parmake_sub_05: ...done.
parmake_sub_05: Listening for job
parmake_sub_05: got job: (<function parmake_job2 at 0x7fab40ee4b00>, ('autogenerated.book.yaml-html_ready-872d-ncsdk_how_to.html-dc4c026f-assets', <compmake.context.Context object at 0x7fab39ae3050>, '140373393639760', False))
parmake_sub_05: result: {'user_object': None, 'user_object_deps': set(), 'new_jobs': [], 'deleted_jobs': set()}
parmake_sub_05: putting result in result_queue..
parmake_sub_05: (done)
parmake_sub_05: ...done.
parmake_sub_05: Listening for job
parmake_sub_05: Received EXIT_TOKEN.
parmake_sub_05: saving coverage
parmake_sub_05: saved coverage
parmake_sub_05: clean exit.
