parmake_sub_06: started pmake_worker()
parmake_sub_06: Listening for job
parmake_sub_06: got job: (<function parmake_job2 at 0x7ff255d63b00>, ('autogenerated.book.yaml-01_project-report-groupname-dd6d5676-2414ce46-source_info', <compmake.context.Context object at 0x7ff24f1633d0>, '140678686949520', False))
parmake_sub_06: result: {'user_object': None, 'user_object_deps': set(), 'new_jobs': [], 'deleted_jobs': set()}
parmake_sub_06: putting result in result_queue..
parmake_sub_06: (done)
parmake_sub_06: ...done.
parmake_sub_06: Listening for job
parmake_sub_06: got job: (<function parmake_job2 at 0x7ff255d63b00>, ('autogenerated.book.yaml-00_project_reports-af2ec6c2-caf9eda0-source_info', <compmake.context.Context object at 0x7ff24ed41390>, '140678686949520', False))
parmake_sub_06: result: {'user_object': None, 'user_object_deps': set(), 'new_jobs': [], 'deleted_jobs': set()}
parmake_sub_06: putting result in result_queue..
parmake_sub_06: (done)
parmake_sub_06: ...done.
parmake_sub_06: Listening for job
parmake_sub_06: got job: (<function parmake_job2 at 0x7ff255d63b00>, ('autogenerated.book.yaml-00_final_reports_part-bc8afebf-ecc030c9-source_info', <compmake.context.Context object at 0x7ff24ed41f90>, '140678686949520', False))
parmake_sub_06: result: {'user_object': None, 'user_object_deps': set(), 'new_jobs': [], 'deleted_jobs': set()}
parmake_sub_06: putting result in result_queue..
parmake_sub_06: (done)
parmake_sub_06: ...done.
parmake_sub_06: Listening for job
parmake_sub_06: got job: (<function parmake_job2 at 0x7ff255d63b00>, ('autogenerated.book.yaml-00_caffe_part-6044fc50-a1a4d554-source_info', <compmake.context.Context object at 0x7ff24ed41bd0>, '140678686949520', False))
parmake_sub_06: result: {'user_object': None, 'user_object_deps': set(), 'new_jobs': [], 'deleted_jobs': set()}
parmake_sub_06: putting result in result_queue..
parmake_sub_06: (done)
parmake_sub_06: ...done.
parmake_sub_06: Listening for job
parmake_sub_06: got job: (<function parmake_job2 at 0x7ff255d63b00>, ('autogenerated.book.yaml-90_neural_compute_stick-a4dc66d0-44211447-source_info', <compmake.context.Context object at 0x7ff24ecd7f90>, '140678686949520', False))
parmake_sub_06: result: {'user_object': None, 'user_object_deps': set(), 'new_jobs': [], 'deleted_jobs': set()}
parmake_sub_06: putting result in result_queue..
parmake_sub_06: (done)
parmake_sub_06: ...done.
parmake_sub_06: Listening for job
parmake_sub_06: got job: (<function parmake_job2 at 0x7ff255d63b00>, ('autogenerated.book.yaml-00_final_reports_part-bc8afebf-ecc030c9', <compmake.context.Context object at 0x7ff24ecd73d0>, '140678686949520', False))
parmake_sub_06: result: {'user_object': None, 'user_object_deps': set(), 'new_jobs': [], 'deleted_jobs': set()}
parmake_sub_06: putting result in result_queue..
parmake_sub_06: (done)
parmake_sub_06: ...done.
parmake_sub_06: Listening for job
parmake_sub_06: got job: (<function parmake_job2 at 0x7ff255d63b00>, ('autogenerated.book.yaml-01_project-report-groupname-dd6d5676-2414ce46', <compmake.context.Context object at 0x7ff24ecd7410>, '140678686949520', False))
parmake_sub_06: result: {'user_object': None, 'user_object_deps': set(), 'new_jobs': [], 'deleted_jobs': set()}
parmake_sub_06: putting result in result_queue..
parmake_sub_06: (done)
parmake_sub_06: ...done.
parmake_sub_06: Listening for job
parmake_sub_06: Could not receive anything.
parmake_sub_06: Listening for job
parmake_sub_06: Could not receive anything.
parmake_sub_06: Listening for job
parmake_sub_06: got job: (<function parmake_job2 at 0x7ff255d63b00>, ('autogenerated.book.yaml-html_draft-9fbf-go_worker-4', <compmake.context.Context object at 0x7ff24ecd7150>, '140678686949520', False))
parmake_sub_06: result: {'user_object': None, 'user_object_deps': {'autogenerated.book.yaml-html_draft-9fbf-wait_assets-4'}, 'new_jobs': {'autogenerated.book.yaml-html_draft-9fbf-remove_spurious-4', 'autogenerated.book.yaml-html_draft-9fbf-ncsdk_how_to.html-e65e64b1-assets', 'autogenerated.book.yaml-html_draft-9fbf-cross_pro_duck_final_report.html-adf32e70-assets', 'autogenerated.book.yaml-html_draft-9fbf-wait_assets-4'}, 'deleted_jobs': set()}
parmake_sub_06: putting result in result_queue..
parmake_sub_06: (done)
parmake_sub_06: ...done.
parmake_sub_06: Listening for job
parmake_sub_06: got job: (<function parmake_job2 at 0x7ff255d63b00>, ('autogenerated.book.yaml-html_draft-9fbf-remove_spurious-4', <compmake.context.Context object at 0x7ff24e610b50>, '140678686949520', False))
parmake_sub_06: result: {'user_object': None, 'user_object_deps': set(), 'new_jobs': [], 'deleted_jobs': set()}
parmake_sub_06: putting result in result_queue..
parmake_sub_06: (done)
parmake_sub_06: ...done.
parmake_sub_06: Listening for job
parmake_sub_06: got job: (<function parmake_job2 at 0x7ff255d63b00>, ('autogenerated.book.yaml-html_draft-9fbf-remove_spurious-2', <compmake.context.Context object at 0x7ff24ecd7e50>, '140678686949520', False))
parmake_sub_06: result: {'user_object': None, 'user_object_deps': set(), 'new_jobs': [], 'deleted_jobs': set()}
parmake_sub_06: putting result in result_queue..
parmake_sub_06: (done)
parmake_sub_06: ...done.
parmake_sub_06: Listening for job
parmake_sub_06: got job: (<function parmake_job2 at 0x7ff255d63b00>, ('autogenerated.book.yaml-html_draft-9fbf-remove_spurious', <compmake.context.Context object at 0x7ff24e610e10>, '140678686949520', False))
parmake_sub_06: result: {'user_object': None, 'user_object_deps': set(), 'new_jobs': [], 'deleted_jobs': set()}
parmake_sub_06: putting result in result_queue..
parmake_sub_06: (done)
parmake_sub_06: ...done.
parmake_sub_06: Listening for job
parmake_sub_06: got job: (<function parmake_job2 at 0x7ff255d63b00>, ('autogenerated.book.yaml-html_draft-9fbf-remove_spurious-5', <compmake.context.Context object at 0x7ff24e1bf9d0>, '140678686949520', False))
parmake_sub_06: result: {'user_object': None, 'user_object_deps': set(), 'new_jobs': [], 'deleted_jobs': set()}
parmake_sub_06: putting result in result_queue..
parmake_sub_06: (done)
parmake_sub_06: ...done.
parmake_sub_06: Listening for job
parmake_sub_06: got job: (<function parmake_job2 at 0x7ff255d63b00>, ('autogenerated.book.yaml-html_draft-9fbf-remove_spurious-3', <compmake.context.Context object at 0x7ff24e1bf150>, '140678686949520', False))
parmake_sub_06: result: {'user_object': None, 'user_object_deps': set(), 'new_jobs': [], 'deleted_jobs': set()}
parmake_sub_06: putting result in result_queue..
parmake_sub_06: (done)
parmake_sub_06: ...done.
parmake_sub_06: Listening for job
parmake_sub_06: got job: (<function parmake_job2 at 0x7ff255d63b00>, ('autogenerated.book.yaml-html_ready-a20e-remove_spurious', <compmake.context.Context object at 0x7ff24ecab710>, '140678686949520', False))
parmake_sub_06: result: {'user_object': None, 'user_object_deps': set(), 'new_jobs': [], 'deleted_jobs': set()}
parmake_sub_06: putting result in result_queue..
parmake_sub_06: (done)
parmake_sub_06: ...done.
parmake_sub_06: Listening for job
parmake_sub_06: got job: (<function parmake_job2 at 0x7ff255d63b00>, ('autogenerated.book.yaml-pdf_printable-render_pdf', <compmake.context.Context object at 0x7ff24e610f50>, '140678686949520', False))
parmake_sub_06: result: {'user_object': None, 'user_object_deps': set(), 'new_jobs': [], 'deleted_jobs': set()}
parmake_sub_06: putting result in result_queue..
parmake_sub_06: (done)
parmake_sub_06: ...done.
parmake_sub_06: Listening for job
parmake_sub_06: got job: (<function parmake_job2 at 0x7ff255d63b00>, ('autogenerated.book.yaml-pdf_printable-write_bytes_to_file', <compmake.context.Context object at 0x7ff24e1bf5d0>, '140678686949520', False))
parmake_sub_06: result: {'user_object': None, 'user_object_deps': set(), 'new_jobs': [], 'deleted_jobs': set()}
parmake_sub_06: putting result in result_queue..
parmake_sub_06: (done)
parmake_sub_06: ...done.
parmake_sub_06: Listening for job
parmake_sub_06: got job: (<function parmake_job2 at 0x7ff255d63b00>, ('autogenerated.book.yaml-html_ready-a20e-pytorch_install.html-fe5b0f2e-assets', <compmake.context.Context object at 0x7ff24ecab290>, '140678686949520', False))
parmake_sub_06: result: {'user_object': None, 'user_object_deps': set(), 'new_jobs': [], 'deleted_jobs': set()}
parmake_sub_06: putting result in result_queue..
parmake_sub_06: (done)
parmake_sub_06: ...done.
parmake_sub_06: Listening for job
parmake_sub_06: got job: (<function parmake_job2 at 0x7ff255d63b00>, ('autogenerated.book.yaml-html_draft-9fbf-ncsdk_install.html-41d63c99-assets', <compmake.context.Context object at 0x7ff24ecabe10>, '140678686949520', False))
parmake_sub_06: result: {'user_object': None, 'user_object_deps': set(), 'new_jobs': [], 'deleted_jobs': set()}
parmake_sub_06: putting result in result_queue..
parmake_sub_06: (done)
parmake_sub_06: ...done.
parmake_sub_06: Listening for job
parmake_sub_06: got job: (<function parmake_job2 at 0x7ff255d63b00>, ('autogenerated.book.yaml-html_draft-9fbf-wait_assets-3', <compmake.context.Context object at 0x7ff24ecab710>, '140678686949520', False))
parmake_sub_06: result: {'user_object': None, 'user_object_deps': set(), 'new_jobs': [], 'deleted_jobs': set()}
parmake_sub_06: putting result in result_queue..
parmake_sub_06: (done)
parmake_sub_06: ...done.
parmake_sub_06: Listening for job
parmake_sub_06: got job: (<function parmake_job2 at 0x7ff255d63b00>, ('autogenerated.book.yaml-html_draft-9fbf-_dynreports_getres-3', <compmake.context.Context object at 0x7ff24f1633d0>, '140678686949520', False))
parmake_sub_06: result: {'user_object': None, 'user_object_deps': set(), 'new_jobs': [], 'deleted_jobs': set()}
parmake_sub_06: putting result in result_queue..
parmake_sub_06: (done)
parmake_sub_06: ...done.
parmake_sub_06: Listening for job
parmake_sub_06: got job: (<function parmake_job2 at 0x7ff255d63b00>, ('autogenerated.book.yaml-html_draft-9fbf-_dynreports_getbra-3', <compmake.context.Context object at 0x7ff24ecab890>, '140678686949520', False))
parmake_sub_06: result: {'user_object': None, 'user_object_deps': set(), 'new_jobs': [], 'deleted_jobs': set()}
parmake_sub_06: putting result in result_queue..
parmake_sub_06: (done)
parmake_sub_06: ...done.
parmake_sub_06: Listening for job
parmake_sub_06: got job: (<function parmake_job2 at 0x7ff255d63b00>, ('autogenerated.book.yaml-html_draft-9fbf-_dynreports_getres-5', <compmake.context.Context object at 0x7ff24ecab290>, '140678686949520', False))
parmake_sub_06: result: {'user_object': None, 'user_object_deps': set(), 'new_jobs': [], 'deleted_jobs': set()}
parmake_sub_06: putting result in result_queue..
parmake_sub_06: (done)
parmake_sub_06: ...done.
parmake_sub_06: Listening for job
parmake_sub_06: got job: (<function parmake_job2 at 0x7ff255d63b00>, ('autogenerated.book.yaml-html_ready-a20e-download_reveal', <compmake.context.Context object at 0x7ff24e19c150>, '140678686949520', False))
parmake_sub_06: result: {'user_object': None, 'user_object_deps': set(), 'new_jobs': [], 'deleted_jobs': set()}
parmake_sub_06: putting result in result_queue..
parmake_sub_06: (done)
parmake_sub_06: ...done.
parmake_sub_06: Listening for job
parmake_sub_06: got job: (<function parmake_job2 at 0x7ff255d63b00>, ('autogenerated.book.yaml-html_ready-a20e-_dynreports_getres-2', <compmake.context.Context object at 0x7ff24ed411d0>, '140678686949520', False))
parmake_sub_06: result: {'user_object': None, 'user_object_deps': set(), 'new_jobs': [], 'deleted_jobs': set()}
parmake_sub_06: putting result in result_queue..
parmake_sub_06: (done)
parmake_sub_06: ...done.
parmake_sub_06: Listening for job
parmake_sub_06: Received EXIT_TOKEN.
parmake_sub_06: saving coverage
parmake_sub_06: saved coverage
parmake_sub_06: clean exit.
