parmake_sub_07: started pmake_worker()
parmake_sub_07: Listening for job
parmake_sub_07: got job: (<function parmake_job2 at 0x7ff255d63b00>, ('autogenerated.book.yaml-10_final-report-groupname-template-fab74319-8192826e', <compmake.context.Context object at 0x7ff24f164a90>, '140678686949520', False))
parmake_sub_07: result: {'user_object': None, 'user_object_deps': set(), 'new_jobs': [], 'deleted_jobs': set()}
parmake_sub_07: putting result in result_queue..
parmake_sub_07: (done)
parmake_sub_07: ...done.
parmake_sub_07: Listening for job
parmake_sub_07: got job: (<function parmake_job2 at 0x7ff255d63b00>, ('autogenerated.book.yaml-00_caffe_part-6044fc50-a1a4d554', <compmake.context.Context object at 0x7ff24ed94fd0>, '140678686949520', False))
parmake_sub_07: result: {'user_object': None, 'user_object_deps': set(), 'new_jobs': [], 'deleted_jobs': set()}
parmake_sub_07: putting result in result_queue..
parmake_sub_07: (done)
parmake_sub_07: ...done.
parmake_sub_07: Listening for job
parmake_sub_07: got job: (<function parmake_job2 at 0x7ff255d63b00>, ('autogenerated.book.yaml-html_ready-context', <compmake.context.Context object at 0x7ff24ea172d0>, '140678686949520', False))
parmake_sub_07: result: {'user_object': None, 'user_object_deps': set(), 'new_jobs': [], 'deleted_jobs': set()}
parmake_sub_07: putting result in result_queue..
parmake_sub_07: (done)
parmake_sub_07: ...done.
parmake_sub_07: Listening for job
parmake_sub_07: got job: (<function parmake_job2 at 0x7ff255d63b00>, ('autogenerated.book.yaml-pdf_tablet-write_manifest_pdf', <compmake.context.Context object at 0x7ff24ed3b890>, '140678686949520', False))
parmake_sub_07: result: {'user_object': None, 'user_object_deps': set(), 'new_jobs': [], 'deleted_jobs': set()}
parmake_sub_07: putting result in result_queue..
parmake_sub_07: (done)
parmake_sub_07: ...done.
parmake_sub_07: Listening for job
parmake_sub_07: got job: (<function parmake_job2 at 0x7ff255d63b00>, ('autogenerated.book.yaml-pdf_printable-write_manifest_pdf', <compmake.context.Context object at 0x7ff24e5e6850>, '140678686949520', False))
parmake_sub_07: result: {'user_object': None, 'user_object_deps': set(), 'new_jobs': [], 'deleted_jobs': set()}
parmake_sub_07: putting result in result_queue..
parmake_sub_07: (done)
parmake_sub_07: ...done.
parmake_sub_07: Listening for job
parmake_sub_07: Could not receive anything.
parmake_sub_07: Listening for job
parmake_sub_07: Could not receive anything.
parmake_sub_07: Listening for job
parmake_sub_07: got job: (<function parmake_job2 at 0x7ff255d63b00>, ('autogenerated.book.yaml-html_draft-9fbf-go_worker-2', <compmake.context.Context object at 0x7ff24f280e50>, '140678686949520', False))
parmake_sub_07: result: {'user_object': None, 'user_object_deps': {'autogenerated.book.yaml-html_draft-9fbf-wait_assets-2'}, 'new_jobs': {'autogenerated.book.yaml-html_draft-9fbf-caffe_tensorflow_install.html-52c59c4c-assets', 'autogenerated.book.yaml-html_draft-9fbf-wait_assets-2', 'autogenerated.book.yaml-html_draft-9fbf-groupname_final_report.html-d2dc0140-assets', 'autogenerated.book.yaml-html_draft-9fbf-demo_template.html-7f977d4e-assets', 'autogenerated.book.yaml-html_draft-9fbf-remove_spurious-2'}, 'deleted_jobs': set()}
parmake_sub_07: putting result in result_queue..
parmake_sub_07: (done)
parmake_sub_07: ...done.
parmake_sub_07: Listening for job
parmake_sub_07: got job: (<function parmake_job2 at 0x7ff255d63b00>, ('autogenerated.book.yaml-html_ready-a20e-go_worker', <compmake.context.Context object at 0x7ff24e93aed0>, '140678686949520', False))
parmake_sub_07: result: {'user_object': None, 'user_object_deps': {'autogenerated.book.yaml-html_ready-a20e-wait_assets-4'}, 'new_jobs': {'autogenerated.book.yaml-html_ready-a20e-write_crossref_info-4', 'autogenerated.book.yaml-html_ready-a20e-pytorch_install.html-fe5b0f2e-assets', 'autogenerated.book.yaml-html_ready-a20e-demos_op_manual_eth_amod_19.html-05ec9255-assets', 'autogenerated.book.yaml-html_ready-a20e-wait_assets-4', 'autogenerated.book.yaml-html_ready-a20e-index.html-9334130a-assets', 'autogenerated.book.yaml-html_ready-a20e-remove_spurious-4'}, 'deleted_jobs': set()}
parmake_sub_07: putting result in result_queue..
parmake_sub_07: (done)
parmake_sub_07: ...done.
parmake_sub_07: Listening for job
parmake_sub_07: got job: (<function parmake_job2 at 0x7ff255d63b00>, ('autogenerated.book.yaml-html_ready-a20e-remove_spurious-4', <compmake.context.Context object at 0x7ff24e0fbed0>, '140678686949520', False))
parmake_sub_07: result: {'user_object': None, 'user_object_deps': set(), 'new_jobs': [], 'deleted_jobs': set()}
parmake_sub_07: putting result in result_queue..
parmake_sub_07: (done)
parmake_sub_07: ...done.
parmake_sub_07: Listening for job
parmake_sub_07: got job: (<function parmake_job2 at 0x7ff255d63b00>, ('autogenerated.book.yaml-html_draft-9fbf-cross_pro_duck_final_report.html-adf32e70-assets', <compmake.context.Context object at 0x7ff24ed252d0>, '140678686949520', False))
parmake_sub_07: result: {'user_object': None, 'user_object_deps': set(), 'new_jobs': [], 'deleted_jobs': set()}
parmake_sub_07: putting result in result_queue..
parmake_sub_07: (done)
parmake_sub_07: ...done.
parmake_sub_07: Listening for job
parmake_sub_07: got job: (<function parmake_job2 at 0x7ff255d63b00>, ('autogenerated.book.yaml-html_ready-a20e-write_crossref_info-5', <compmake.context.Context object at 0x7ff24e23f0d0>, '140678686949520', False))
parmake_sub_07: result: {'user_object': None, 'user_object_deps': set(), 'new_jobs': [], 'deleted_jobs': set()}
parmake_sub_07: putting result in result_queue..
parmake_sub_07: (done)
parmake_sub_07: ...done.
parmake_sub_07: Listening for job
parmake_sub_07: got job: (<function parmake_job2 at 0x7ff255d63b00>, ('autogenerated.book.yaml-html_ready-a20e-caffe_tensorflow.html-2c9ebc3f-assets', <compmake.context.Context object at 0x7ff24d9bfb90>, '140678686949520', False))
parmake_sub_07: result: {'user_object': None, 'user_object_deps': set(), 'new_jobs': [], 'deleted_jobs': set()}
parmake_sub_07: putting result in result_queue..
parmake_sub_07: (done)
parmake_sub_07: ...done.
parmake_sub_07: Listening for job
parmake_sub_07: got job: (<function parmake_job2 at 0x7ff255d63b00>, ('autogenerated.book.yaml-html_ready-a20e-wait_assets-2', <compmake.context.Context object at 0x7ff24d9bfad0>, '140678686949520', False))
parmake_sub_07: result: {'user_object': None, 'user_object_deps': set(), 'new_jobs': [], 'deleted_jobs': set()}
parmake_sub_07: putting result in result_queue..
parmake_sub_07: (done)
parmake_sub_07: ...done.
parmake_sub_07: Listening for job
parmake_sub_07: got job: (<function parmake_job2 at 0x7ff255d63b00>, ('autogenerated.book.yaml-html_ready-a20e-_dynreports_getres-6', <compmake.context.Context object at 0x7ff24e0fbcd0>, '140678686949520', False))
parmake_sub_07: result: {'user_object': None, 'user_object_deps': set(), 'new_jobs': [], 'deleted_jobs': set()}
parmake_sub_07: putting result in result_queue..
parmake_sub_07: (done)
parmake_sub_07: ...done.
parmake_sub_07: Listening for job
parmake_sub_07: got job: (<function parmake_job2 at 0x7ff255d63b00>, ('autogenerated.book.yaml-html_ready-a20e-_dynreports_getbra-6', <compmake.context.Context object at 0x7ff24d4a60d0>, '140678686949520', False))
parmake_sub_07: result: {'user_object': None, 'user_object_deps': set(), 'new_jobs': [], 'deleted_jobs': set()}
parmake_sub_07: putting result in result_queue..
parmake_sub_07: (done)
parmake_sub_07: ...done.
parmake_sub_07: Listening for job
parmake_sub_07: got job: (<function parmake_job2 at 0x7ff255d63b00>, ('autogenerated.book.yaml-html_draft-9fbf-index.html-9334130a-assets', <compmake.context.Context object at 0x7ff24d4a6a10>, '140678686949520', False))
parmake_sub_07: result: {'user_object': None, 'user_object_deps': set(), 'new_jobs': [], 'deleted_jobs': set()}
parmake_sub_07: putting result in result_queue..
parmake_sub_07: (done)
parmake_sub_07: ...done.
parmake_sub_07: Listening for job
parmake_sub_07: got job: (<function parmake_job2 at 0x7ff255d63b00>, ('autogenerated.book.yaml-html_draft-9fbf-wait_assets', <compmake.context.Context object at 0x7ff24e0fbed0>, '140678686949520', False))
parmake_sub_07: result: {'user_object': None, 'user_object_deps': set(), 'new_jobs': [], 'deleted_jobs': set()}
parmake_sub_07: putting result in result_queue..
parmake_sub_07: (done)
parmake_sub_07: ...done.
parmake_sub_07: Listening for job
parmake_sub_07: got job: (<function parmake_job2 at 0x7ff255d63b00>, ('autogenerated.book.yaml-html_draft-9fbf-_dynreports_getbra', <compmake.context.Context object at 0x7ff24e0fbcd0>, '140678686949520', False))
parmake_sub_07: result: {'user_object': None, 'user_object_deps': set(), 'new_jobs': [], 'deleted_jobs': set()}
parmake_sub_07: putting result in result_queue..
parmake_sub_07: (done)
parmake_sub_07: ...done.
parmake_sub_07: Listening for job
parmake_sub_07: Received EXIT_TOKEN.
parmake_sub_07: saving coverage
parmake_sub_07: saved coverage
parmake_sub_07: clean exit.
